<?xml version="1.0" encoding="UTF-8"?>
<testsuite xmlns:xsi="http://www.w3.org/2001/XMLSchema-instance" xsi:noNamespaceSchemaLocation="https://maven.apache.org/surefire/maven-surefire-plugin/xsd/surefire-test-report.xsd" name="org.example.lesson4.TriangleAreaTests" time="1.911" tests="1" errors="1" skipped="0" failures="0">
  <properties>
[...]
</properties>
  <testcase name="isRight{double, double, double}" classname="org.example.lesson4.TriangleAreaTests" time="1.91">
    <error message="No ParameterResolver registered for parameter [double arg0] in method [public void org.example.lesson4.TriangleAreaTests.isRight(double,double,double)]." type="org.junit.jupiter.api.extension.ParameterResolutionException">org.junit.jupiter.api.extension.ParameterResolutionException: No ParameterResolver registered for parameter [double arg0] in method [public void org.example.lesson4.TriangleAreaTests.isRight(double,double,double)].
</error>
    <system-out><![CDATA[21:07:12.104 [main] DEBUG org.aspectj.weaver.loadtime.Aj - 21:07:12.104 main > o.a.w.l.Aj.preProcess o.a.w.l.Aj@6fadae5d org/junit/jupiter/engine/execution/DefaultParameterContext, byte[3170], j.i.l.ClassLoaders$AppClassLoader@1d44bcfa
21:07:12.104 [main] DEBUG org.aspectj.weaver.loadtime.Aj - 21:07:12.104 main - o.a.w.l.Aj.preProcess o.a.w.l.Aj@6fadae5d j.i.l.ClassLoaders$PlatformClassLoader@6bf256fa, j.i.l.ClassLoaders$AppClassLoader@1d44bcfa
21:07:12.104 [main] DEBUG org.aspectj.weaver.tools.WeavingAdaptor - 21:07:12.104 main > o.a.w.t.WeavingAdaptor.weaveClass o.a.w.l.ClassLoaderWeavingAdaptor@3d8c7aca org/junit/jupiter/engine/execution/DefaultParameterContext, byte[3170]
21:07:12.104 [main] DEBUG org.aspectj.weaver.bcel.BcelWeaver - 21:07:12.104 main > o.a.w.b.BcelWeaver.weave o.a.w.b.BcelWeaver@71bbf57e o.a.w.t.WeavingAdaptor$WeavingClassFileProvider@d88f893
21:07:12.104 [main] DEBUG org.aspectj.weaver.bcel.BcelWorld - 21:07:12.104 main - o.a.w.b.BcelWorld.lookupJavaClass o.a.w.l.LTWWorld@3632be31 org.junit.jupiter.api.extension.ParameterContext, o.a.a.b.c.JavaClass@61f39bb
21:07:12.104 [main] DEBUG org.aspectj.weaver.bcel.BcelWeaver - 21:07:12.104 main > o.a.w.b.BcelWeaver.weaveAndNotify o.a.w.b.BcelWeaver@71bbf57e o.a.w.b.UnwovenClassFile@259b85d6, o.a.w.b.BcelObjectType@48eaf42f, o.a.w.t.WeavingAdaptor$WeavingClassFileProvider$1@488f3dd1
21:07:12.104 [main] DEBUG org.aspectj.weaver.bcel.BcelWorld - 21:07:12.104 main - o.a.w.b.BcelWorld.lookupJavaClass o.a.w.l.LTWWorld@3632be31 java.lang.reflect.Parameter, o.a.a.b.c.JavaClass@7cb8437d
21:07:12.104 [main] DEBUG org.aspectj.weaver.bcel.BcelWorld - 21:07:12.104 main - o.a.w.b.BcelWorld.lookupJavaClass o.a.w.l.LTWWorld@3632be31 java.util.Optional, o.a.a.b.c.JavaClass@48aca48b
21:07:12.104 [main] DEBUG org.aspectj.weaver.bcel.BcelWeaver - 21:07:12.104 main < o.a.w.b.BcelWeaver.weaveAndNotify
21:07:12.104 [main] DEBUG org.aspectj.weaver.bcel.BcelWeaver - 21:07:12.104 main < o.a.w.b.BcelWeaver.weave java.util.ArrayList(1)
21:07:12.104 [main] DEBUG org.aspectj.weaver.tools.WeavingAdaptor - 21:07:12.104 main < o.a.w.t.WeavingAdaptor.weaveClass byte[3170]
21:07:12.105 [main] DEBUG org.aspectj.weaver.Dump - 21:07:12.105 main > o.a.w.Dump.dumpOnExit o.a.w.t.WeavingAdaptor$WeavingAdaptorMessageHolder@3911c2a7
21:07:12.105 [main] DEBUG org.aspectj.weaver.Dump - 21:07:12.105 main > o.a.w.Dump.shouldDumpOnExit o.a.w.t.WeavingAdaptor$WeavingAdaptorMessageHolder@3911c2a7
21:07:12.159 [main] DEBUG org.aspectj.weaver.Dump - 21:07:12.159 main - o.a.w.Dump.shouldDumpOnExit abort
21:07:12.159 [main] DEBUG org.aspectj.weaver.Dump - 21:07:12.159 main < o.a.w.Dump.shouldDumpOnExit false
21:07:12.159 [main] DEBUG org.aspectj.weaver.Dump - 21:07:12.159 main < o.a.w.Dump.dumpOnExit Excluded
21:07:12.159 [main] DEBUG org.aspectj.weaver.loadtime.Aj - 21:07:12.159 main < o.a.w.l.Aj.preProcess byte[3170]
21:07:12.160 [main] DEBUG org.aspectj.weaver.loadtime.Aj - 21:07:12.160 main > o.a.w.l.Aj.preProcess o.a.w.l.Aj@6fadae5d org/junit/jupiter/api/TestReporter, byte[1066], j.i.l.ClassLoaders$AppClassLoader@1d44bcfa
21:07:12.160 [main] DEBUG org.aspectj.weaver.loadtime.Aj - 21:07:12.160 main - o.a.w.l.Aj.preProcess o.a.w.l.Aj@6fadae5d j.i.l.ClassLoaders$PlatformClassLoader@6bf256fa, j.i.l.ClassLoaders$AppClassLoader@1d44bcfa
21:07:12.160 [main] DEBUG org.aspectj.weaver.tools.WeavingAdaptor - 21:07:12.160 main > o.a.w.t.WeavingAdaptor.weaveClass o.a.w.l.ClassLoaderWeavingAdaptor@3d8c7aca org/junit/jupiter/api/TestReporter, byte[1066]
21:07:12.160 [main] DEBUG org.aspectj.weaver.bcel.BcelWeaver - 21:07:12.160 main > o.a.w.b.BcelWeaver.weave o.a.w.b.BcelWeaver@71bbf57e o.a.w.t.WeavingAdaptor$WeavingClassFileProvider@7f353a0f
21:07:12.160 [main] DEBUG org.aspectj.weaver.bcel.BcelWeaver - 21:07:12.160 main > o.a.w.b.BcelWeaver.weaveAndNotify o.a.w.b.BcelWeaver@71bbf57e o.a.w.b.UnwovenClassFile@7ea2412c, o.a.w.b.BcelObjectType@1c93b51e, o.a.w.t.WeavingAdaptor$WeavingClassFileProvider$1@7c0f28f8
21:07:12.161 [main] DEBUG org.aspectj.weaver.bcel.BcelWorld - 21:07:12.161 main - o.a.w.b.BcelWorld.lookupJavaClass o.a.w.l.LTWWorld@3632be31 org.apiguardian.api.API, o.a.a.b.c.JavaClass@5677323c
21:07:12.161 [main] DEBUG org.aspectj.weaver.bcel.BcelWeaver - 21:07:12.161 main < o.a.w.b.BcelWeaver.weaveAndNotify
21:07:12.161 [main] DEBUG org.aspectj.weaver.bcel.BcelWeaver - 21:07:12.161 main < o.a.w.b.BcelWeaver.weave java.util.ArrayList(1)
21:07:12.161 [main] DEBUG org.aspectj.weaver.tools.WeavingAdaptor - 21:07:12.161 main < o.a.w.t.WeavingAdaptor.weaveClass byte[1066]
21:07:12.161 [main] DEBUG org.aspectj.weaver.Dump - 21:07:12.161 main > o.a.w.Dump.dumpOnExit o.a.w.t.WeavingAdaptor$WeavingAdaptorMessageHolder@3911c2a7
21:07:12.161 [main] DEBUG org.aspectj.weaver.Dump - 21:07:12.161 main > o.a.w.Dump.shouldDumpOnExit o.a.w.t.WeavingAdaptor$WeavingAdaptorMessageHolder@3911c2a7
21:07:12.161 [main] DEBUG org.aspectj.weaver.Dump - 21:07:12.161 main - o.a.w.Dump.shouldDumpOnExit abort
21:07:12.161 [main] DEBUG org.aspectj.weaver.Dump - 21:07:12.161 main < o.a.w.Dump.shouldDumpOnExit false
21:07:12.161 [main] DEBUG org.aspectj.weaver.Dump - 21:07:12.161 main < o.a.w.Dump.dumpOnExit Excluded
21:07:12.161 [main] DEBUG org.aspectj.weaver.loadtime.Aj - 21:07:12.161 main < o.a.w.l.Aj.preProcess byte[1066]
21:07:12.162 [main] DEBUG org.aspectj.weaver.loadtime.Aj - 21:07:12.162 main > o.a.w.l.Aj.preProcess o.a.w.l.Aj@6fadae5d org/junit/platform/commons/util/UnrecoverableExceptions, byte[982], j.i.l.ClassLoaders$AppClassLoader@1d44bcfa
21:07:12.162 [main] DEBUG org.aspectj.weaver.loadtime.Aj - 21:07:12.162 main - o.a.w.l.Aj.preProcess o.a.w.l.Aj@6fadae5d j.i.l.ClassLoaders$PlatformClassLoader@6bf256fa, j.i.l.ClassLoaders$AppClassLoader@1d44bcfa
21:07:12.162 [main] DEBUG org.aspectj.weaver.tools.WeavingAdaptor - 21:07:12.162 main > o.a.w.t.WeavingAdaptor.weaveClass o.a.w.l.ClassLoaderWeavingAdaptor@3d8c7aca org/junit/platform/commons/util/UnrecoverableExceptions, byte[982]
21:07:12.162 [main] DEBUG org.aspectj.weaver.bcel.BcelWeaver - 21:07:12.162 main > o.a.w.b.BcelWeaver.weave o.a.w.b.BcelWeaver@71bbf57e o.a.w.t.WeavingAdaptor$WeavingClassFileProvider@12e12ac9
21:07:12.170 [main] DEBUG org.aspectj.weaver.bcel.BcelWeaver - 21:07:12.170 main > o.a.w.b.BcelWeaver.weaveAndNotify o.a.w.b.BcelWeaver@71bbf57e o.a.w.b.UnwovenClassFile@5e230fc6, o.a.w.b.BcelObjectType@7a8341c1, o.a.w.t.WeavingAdaptor$WeavingClassFileProvider$1@ca8ef3a
21:07:12.170 [main] DEBUG org.aspectj.weaver.bcel.BcelWorld - 21:07:12.170 main - o.a.w.b.BcelWorld.lookupJavaClass o.a.w.l.LTWWorld@3632be31 java.lang.Throwable, o.a.a.b.c.JavaClass@61862a7f
21:07:12.170 [main] DEBUG org.aspectj.weaver.bcel.BcelWeaver - 21:07:12.170 main < o.a.w.b.BcelWeaver.weaveAndNotify
21:07:12.170 [main] DEBUG org.aspectj.weaver.bcel.BcelWeaver - 21:07:12.170 main < o.a.w.b.BcelWeaver.weave java.util.ArrayList(1)
21:07:12.170 [main] DEBUG org.aspectj.weaver.tools.WeavingAdaptor - 21:07:12.170 main < o.a.w.t.WeavingAdaptor.weaveClass byte[982]
21:07:12.170 [main] DEBUG org.aspectj.weaver.Dump - 21:07:12.170 main > o.a.w.Dump.dumpOnExit o.a.w.t.WeavingAdaptor$WeavingAdaptorMessageHolder@3911c2a7
21:07:12.170 [main] DEBUG org.aspectj.weaver.Dump - 21:07:12.170 main > o.a.w.Dump.shouldDumpOnExit o.a.w.t.WeavingAdaptor$WeavingAdaptorMessageHolder@3911c2a7
21:07:12.170 [main] DEBUG org.aspectj.weaver.Dump - 21:07:12.170 main - o.a.w.Dump.shouldDumpOnExit abort
21:07:12.170 [main] DEBUG org.aspectj.weaver.Dump - 21:07:12.170 main < o.a.w.Dump.shouldDumpOnExit false
21:07:12.170 [main] DEBUG org.aspectj.weaver.Dump - 21:07:12.170 main < o.a.w.Dump.dumpOnExit Excluded
21:07:12.170 [main] DEBUG org.aspectj.weaver.loadtime.Aj - 21:07:12.170 main < o.a.w.l.Aj.preProcess byte[982]
21:07:12.171 [main] DEBUG org.aspectj.weaver.loadtime.Aj - 21:07:12.171 main > o.a.w.l.Aj.preProcess o.a.w.l.Aj@6fadae5d org/junit/jupiter/api/extension/TestExecutionExceptionHandler, byte[674], j.i.l.ClassLoaders$AppClassLoader@1d44bcfa
21:07:12.171 [main] DEBUG org.aspectj.weaver.loadtime.Aj - 21:07:12.171 main - o.a.w.l.Aj.preProcess o.a.w.l.Aj@6fadae5d j.i.l.ClassLoaders$PlatformClassLoader@6bf256fa, j.i.l.ClassLoaders$AppClassLoader@1d44bcfa
21:07:12.171 [main] DEBUG org.aspectj.weaver.tools.WeavingAdaptor - 21:07:12.171 main > o.a.w.t.WeavingAdaptor.weaveClass o.a.w.l.ClassLoaderWeavingAdaptor@3d8c7aca org/junit/jupiter/api/extension/TestExecutionExceptionHandler, byte[674]
21:07:12.171 [main] DEBUG org.aspectj.weaver.bcel.BcelWeaver - 21:07:12.171 main > o.a.w.b.BcelWeaver.weave o.a.w.b.BcelWeaver@71bbf57e o.a.w.t.WeavingAdaptor$WeavingClassFileProvider@67eec8e1
21:07:12.171 [main] DEBUG org.aspectj.weaver.bcel.BcelWeaver - 21:07:12.171 main > o.a.w.b.BcelWeaver.weaveAndNotify o.a.w.b.BcelWeaver@71bbf57e o.a.w.b.UnwovenClassFile@4214ae8f, o.a.w.b.BcelObjectType@7ba93755, o.a.w.t.WeavingAdaptor$WeavingClassFileProvider$1@22dc59b2
21:07:12.171 [main] DEBUG org.aspectj.weaver.bcel.BcelWeaver - 21:07:12.171 main < o.a.w.b.BcelWeaver.weaveAndNotify
21:07:12.171 [main] DEBUG org.aspectj.weaver.bcel.BcelWeaver - 21:07:12.171 main < o.a.w.b.BcelWeaver.weave java.util.ArrayList(1)
21:07:12.171 [main] DEBUG org.aspectj.weaver.tools.WeavingAdaptor - 21:07:12.171 main < o.a.w.t.WeavingAdaptor.weaveClass byte[674]
21:07:12.171 [main] DEBUG org.aspectj.weaver.Dump - 21:07:12.171 main > o.a.w.Dump.dumpOnExit o.a.w.t.WeavingAdaptor$WeavingAdaptorMessageHolder@3911c2a7
21:07:12.171 [main] DEBUG org.aspectj.weaver.Dump - 21:07:12.171 main > o.a.w.Dump.shouldDumpOnExit o.a.w.t.WeavingAdaptor$WeavingAdaptorMessageHolder@3911c2a7
21:07:12.171 [main] DEBUG org.aspectj.weaver.Dump - 21:07:12.171 main - o.a.w.Dump.shouldDumpOnExit abort
21:07:12.171 [main] DEBUG org.aspectj.weaver.Dump - 21:07:12.171 main < o.a.w.Dump.shouldDumpOnExit false
21:07:12.179 [main] DEBUG org.aspectj.weaver.Dump - 21:07:12.179 main < o.a.w.Dump.dumpOnExit Excluded
21:07:12.179 [main] DEBUG org.aspectj.weaver.loadtime.Aj - 21:07:12.179 main < o.a.w.l.Aj.preProcess byte[674]
21:07:12.180 [main] DEBUG org.aspectj.weaver.loadtime.Aj - 21:07:12.180 main > o.a.w.l.Aj.preProcess o.a.w.l.Aj@6fadae5d org/junit/jupiter/engine/descriptor/JupiterTestDescriptor$ExceptionHandlerInvoker, byte[639], j.i.l.ClassLoaders$AppClassLoader@1d44bcfa
21:07:12.180 [main] DEBUG org.aspectj.weaver.loadtime.Aj - 21:07:12.180 main - o.a.w.l.Aj.preProcess o.a.w.l.Aj@6fadae5d j.i.l.ClassLoaders$PlatformClassLoader@6bf256fa, j.i.l.ClassLoaders$AppClassLoader@1d44bcfa
21:07:12.180 [main] DEBUG org.aspectj.weaver.tools.WeavingAdaptor - 21:07:12.180 main > o.a.w.t.WeavingAdaptor.weaveClass o.a.w.l.ClassLoaderWeavingAdaptor@3d8c7aca org/junit/jupiter/engine/descriptor/JupiterTestDescriptor$ExceptionHandlerInvoker, byte[639]
21:07:12.180 [main] DEBUG org.aspectj.weaver.bcel.BcelWeaver - 21:07:12.180 main > o.a.w.b.BcelWeaver.weave o.a.w.b.BcelWeaver@71bbf57e o.a.w.t.WeavingAdaptor$WeavingClassFileProvider@2693c618
21:07:12.180 [main] DEBUG org.aspectj.weaver.bcel.BcelWeaver - 21:07:12.180 main > o.a.w.b.BcelWeaver.weaveAndNotify o.a.w.b.BcelWeaver@71bbf57e o.a.w.b.UnwovenClassFile@3443e476, o.a.w.b.BcelObjectType@7ccfdaef, o.a.w.t.WeavingAdaptor$WeavingClassFileProvider$1@a6e4897
21:07:12.180 [main] DEBUG org.aspectj.weaver.bcel.BcelWeaver - 21:07:12.180 main < o.a.w.b.BcelWeaver.weaveAndNotify
21:07:12.180 [main] DEBUG org.aspectj.weaver.bcel.BcelWeaver - 21:07:12.180 main < o.a.w.b.BcelWeaver.weave java.util.ArrayList(1)
21:07:12.180 [main] DEBUG org.aspectj.weaver.tools.WeavingAdaptor - 21:07:12.180 main < o.a.w.t.WeavingAdaptor.weaveClass byte[639]
21:07:12.180 [main] DEBUG org.aspectj.weaver.Dump - 21:07:12.180 main > o.a.w.Dump.dumpOnExit o.a.w.t.WeavingAdaptor$WeavingAdaptorMessageHolder@3911c2a7
21:07:12.180 [main] DEBUG org.aspectj.weaver.Dump - 21:07:12.180 main > o.a.w.Dump.shouldDumpOnExit o.a.w.t.WeavingAdaptor$WeavingAdaptorMessageHolder@3911c2a7
21:07:12.180 [main] DEBUG org.aspectj.weaver.Dump - 21:07:12.180 main - o.a.w.Dump.shouldDumpOnExit abort
21:07:12.180 [main] DEBUG org.aspectj.weaver.Dump - 21:07:12.180 main < o.a.w.Dump.shouldDumpOnExit false
21:07:12.180 [main] DEBUG org.aspectj.weaver.Dump - 21:07:12.180 main < o.a.w.Dump.dumpOnExit Excluded
21:07:12.180 [main] DEBUG org.aspectj.weaver.loadtime.Aj - 21:07:12.180 main < o.a.w.l.Aj.preProcess byte[639]
21:07:12.184 [main] DEBUG org.aspectj.weaver.loadtime.Aj - 21:07:12.184 main > o.a.w.l.Aj.preProcess o.a.w.l.Aj@6fadae5d jdk/internal/reflect/GeneratedMethodAccessor1, byte[794], j.i.r.DelegatingClassLoader@6975fb1c
21:07:12.185 [main] DEBUG org.aspectj.weaver.loadtime.Aj - 21:07:12.184 main - o.a.w.l.Aj.preProcess o.a.w.l.Aj@6fadae5d j.i.l.ClassLoaders$AppClassLoader@1d44bcfa, j.i.l.ClassLoaders$AppClassLoader@1d44bcfa
21:07:12.185 [main] DEBUG org.aspectj.weaver.loadtime.ClassLoaderWeavingAdaptor - 21:07:12.185 main > o.a.w.l.ClassLoaderWeavingAdaptor.<init> o.a.w.l.ClassLoaderWeavingAdaptor@553da911
21:07:12.185 [main] DEBUG org.aspectj.weaver.loadtime.ClassLoaderWeavingAdaptor - 21:07:12.185 main < o.a.w.l.ClassLoaderWeavingAdaptor.<init>
21:07:12.185 [main] DEBUG org.aspectj.weaver.loadtime.DefaultWeavingContext - 21:07:12.185 main > o.a.w.l.DefaultWeavingContext.getDefinitions o.a.w.l.DefaultWeavingContext@327e5be5 goo, o.a.w.l.ClassLoaderWeavingAdaptor@553da911
21:07:12.185 [main] DEBUG org.aspectj.weaver.loadtime.ClassLoaderWeavingAdaptor - 21:07:12.185 main > o.a.w.l.ClassLoaderWeavingAdaptor.parseDefinitions o.a.w.l.ClassLoaderWeavingAdaptor@553da911
21:07:12.189 [main] DEBUG org.aspectj.weaver.loadtime.ClassLoaderWeavingAdaptor - 21:07:12.189 main - o.a.w.l.ClassLoaderWeavingAdaptor.parseDefinitions o.a.w.l.ClassLoaderWeavingAdaptor@553da911 META-INF/aop.xml;META-INF/aop-ajc.xml;org/aspectj/aop.xml
21:07:12.190 [main] DEBUG org.aspectj.weaver.loadtime.ClassLoaderWeavingAdaptor - 21:07:12.190 main - o.a.w.l.ClassLoaderWeavingAdaptor.parseDefinitions o.a.w.l.ClassLoaderWeavingAdaptor@553da911 jar:file:/C:/Users/Acer/.m2/repository/io/qameta/allure/allure-junit-platform/2.15.0/allure-junit-platform-2.15.0.jar!/META-INF/aop-ajc.xml
21:07:12.190 [main] DEBUG org.aspectj.weaver.loadtime.ClassLoaderWeavingAdaptor - 21:07:12.190 main < o.a.w.l.ClassLoaderWeavingAdaptor.parseDefinitions java.util.ArrayList(1)
21:07:12.190 [main] DEBUG org.aspectj.weaver.loadtime.DefaultWeavingContext - 21:07:12.190 main < o.a.w.l.DefaultWeavingContext.getDefinitions java.util.ArrayList(1)
21:07:12.190 [main] DEBUG org.aspectj.weaver.Lint - 21:07:12.190 main > o.a.w.Lint.<init> o.a.w.Lint@1084ac45 o.a.w.l.LTWWorld@566f1852
21:07:12.190 [main] DEBUG org.aspectj.weaver.Lint - 21:07:12.190 main < o.a.w.Lint.<init>
21:07:12.190 [main] DEBUG org.aspectj.weaver.bcel.BcelWeaver - 21:07:12.190 main > o.a.w.b.BcelWeaver.<init> o.a.w.b.BcelWeaver@6ea246af o.a.w.l.LTWWorld@566f1852
21:07:12.190 [main] DEBUG org.aspectj.weaver.bcel.BcelWeaver - 21:07:12.190 main < o.a.w.b.BcelWeaver.<init>
21:07:12.190 [main] DEBUG org.aspectj.weaver.loadtime.ClassLoaderWeavingAdaptor - 21:07:12.190 main > o.a.w.l.ClassLoaderWeavingAdaptor.registerDefinitions o.a.w.l.ClassLoaderWeavingAdaptor@553da911 java.util.ArrayList(1)
21:07:12.191 [main] DEBUG org.aspectj.weaver.Lint - 21:07:12.191 main > o.a.w.Lint.setAll o.a.w.Lint@1084ac45 ignore
21:07:12.191 [main] DEBUG org.aspectj.weaver.Lint - 21:07:12.191 main < o.a.w.Lint.setAll
21:07:12.191 [main] DEBUG org.aspectj.weaver.loadtime.ClassLoaderWeavingAdaptor - 21:07:12.191 main > o.a.w.l.ClassLoaderWeavingAdaptor.registerAspects o.a.w.l.ClassLoaderWeavingAdaptor@553da911 o.a.w.b.BcelWeaver@6ea246af, j.i.r.DelegatingClassLoader@6975fb1c, java.util.ArrayList(1)
21:07:12.191 [main] DEBUG org.aspectj.weaver.bcel.BcelWeaver - 21:07:12.191 main > o.a.w.b.BcelWeaver.addLibraryAspect o.a.w.b.BcelWeaver@6ea246af io.qameta.allure.aspects.StepsAspects
21:07:12.192 [main] DEBUG org.aspectj.weaver.bcel.BcelWorld - 21:07:12.192 main - o.a.w.b.BcelWorld.lookupJavaClass o.a.w.l.LTWWorld@566f1852 io.qameta.allure.aspects.StepsAspects, o.a.a.b.c.JavaClass@17d0685f
21:07:12.192 [main] DEBUG org.aspectj.weaver.bcel.BcelWorld - 21:07:12.192 main - o.a.w.b.BcelWorld.lookupJavaClass o.a.w.l.LTWWorld@566f1852 java.lang.Object, o.a.a.b.c.JavaClass@1188e820
21:07:12.193 [main] DEBUG org.aspectj.weaver.bcel.BcelWorld - 21:07:12.193 main - o.a.w.b.BcelWorld.lookupJavaClass o.a.w.l.LTWWorld@566f1852 org.aspectj.lang.annotation.Aspect, o.a.a.b.c.JavaClass@123f1134
21:07:12.194 [main] DEBUG org.aspectj.weaver.bcel.BcelWeaver - 21:07:12.194 main < o.a.w.b.BcelWeaver.addLibraryAspect org.aspectj.weaver.ReferenceType[io.qameta.allure.aspects.StepsAspects]
21:07:12.194 [main] DEBUG org.aspectj.weaver.bcel.BcelWeaver - 21:07:12.194 main > o.a.w.b.BcelWeaver.addLibraryAspect o.a.w.b.BcelWeaver@6ea246af io.qameta.allure.aspects.AttachmentsAspects
21:07:12.195 [main] DEBUG org.aspectj.weaver.bcel.BcelWorld - 21:07:12.195 main - o.a.w.b.BcelWorld.lookupJavaClass o.a.w.l.LTWWorld@566f1852 io.qameta.allure.aspects.AttachmentsAspects, o.a.a.b.c.JavaClass@2a32de6c
21:07:12.206 [main] DEBUG org.aspectj.weaver.bcel.BcelWeaver - 21:07:12.206 main < o.a.w.b.BcelWeaver.addLibraryAspect org.aspectj.weaver.ReferenceType[io.qameta.allure.aspects.AttachmentsAspects]
21:07:12.206 [main] DEBUG org.aspectj.weaver.loadtime.ClassLoaderWeavingAdaptor - 21:07:12.206 main < o.a.w.l.ClassLoaderWeavingAdaptor.registerAspects true
21:07:12.206 [main] DEBUG org.aspectj.weaver.loadtime.ClassLoaderWeavingAdaptor - 21:07:12.206 main < o.a.w.l.ClassLoaderWeavingAdaptor.registerDefinitions true
21:07:12.206 [main] DEBUG org.aspectj.weaver.bcel.BcelWeaver - 21:07:12.206 main > o.a.w.b.BcelWeaver.prepareForWeave o.a.w.b.BcelWeaver@6ea246af
21:07:12.207 [main] DEBUG org.aspectj.weaver.bcel.BcelWeaver - 21:07:12.207 main < o.a.w.b.BcelWeaver.prepareForWeave
21:07:12.207 [main] DEBUG org.aspectj.weaver.loadtime.ClassLoaderWeavingAdaptor - 21:07:12.207 main > o.a.w.l.ClassLoaderWeavingAdaptor.weaveAndDefineConceteAspects o.a.w.l.ClassLoaderWeavingAdaptor@553da911 java.util.ArrayList(0)
21:07:12.207 [main] DEBUG org.aspectj.weaver.loadtime.ClassLoaderWeavingAdaptor - 21:07:12.207 main < o.a.w.l.ClassLoaderWeavingAdaptor.weaveAndDefineConceteAspects true
21:07:12.207 [main] DEBUG org.aspectj.weaver.loadtime.ClassLoaderWeavingAdaptor - 21:07:12.207 main < o.a.w.l.ClassLoaderWeavingAdaptor.initialize true
21:07:12.207 [main] DEBUG org.aspectj.weaver.tools.WeavingAdaptor - 21:07:12.207 main > o.a.w.t.WeavingAdaptor.weaveClass o.a.w.l.ClassLoaderWeavingAdaptor@553da911 jdk/internal/reflect/GeneratedMethodAccessor1, byte[794]
21:07:12.207 [main] DEBUG org.aspectj.weaver.bcel.BcelWeaver - 21:07:12.207 main > o.a.w.b.BcelWeaver.weave o.a.w.b.BcelWeaver@6ea246af o.a.w.t.WeavingAdaptor$WeavingClassFileProvider@3513c84c
21:07:12.207 [main] DEBUG org.aspectj.weaver.bcel.BcelWorld - 21:07:12.207 main - o.a.w.b.BcelWorld.lookupJavaClass o.a.w.l.LTWWorld@566f1852 jdk.internal.reflect.MethodAccessorImpl, o.a.a.b.c.JavaClass@4978777f
21:07:12.207 [main] DEBUG org.aspectj.weaver.bcel.BcelWeaver - 21:07:12.207 main > o.a.w.b.BcelWeaver.weaveAndNotify o.a.w.b.BcelWeaver@6ea246af o.a.w.b.UnwovenClassFile@7bc6935c, o.a.w.b.BcelObjectType@67bd351e, o.a.w.t.WeavingAdaptor$WeavingClassFileProvider$1@4cc7d00d
21:07:12.207 [main] DEBUG org.aspectj.weaver.bcel.BcelWorld - 21:07:12.207 main - o.a.w.b.BcelWorld.lookupJavaClass o.a.w.l.LTWWorld@566f1852 jdk.internal.reflect.MethodAccessor, o.a.a.b.c.JavaClass@468e8565
21:07:12.207 [main] DEBUG org.aspectj.weaver.bcel.BcelWorld - 21:07:12.207 main - o.a.w.b.BcelWorld.lookupJavaClass o.a.w.l.LTWWorld@566f1852 jdk.internal.reflect.MagicAccessorImpl, o.a.a.b.c.JavaClass@397ef2
21:07:12.208 [main] DEBUG org.aspectj.weaver.bcel.BcelWorld - 21:07:12.208 main - o.a.w.b.BcelWorld.lookupJavaClass o.a.w.l.LTWWorld@566f1852 io.qameta.allure.Step, o.a.a.b.c.JavaClass@1622f1b
21:07:12.208 [main] DEBUG org.aspectj.weaver.bcel.BcelWorld - 21:07:12.208 main - o.a.w.b.BcelWorld.lookupJavaClass o.a.w.l.LTWWorld@566f1852 java.lang.annotation.Documented, o.a.a.b.c.JavaClass@70e8f8e
21:07:12.208 [main] DEBUG org.aspectj.weaver.bcel.BcelWorld - 21:07:12.208 main - o.a.w.b.BcelWorld.lookupJavaClass o.a.w.l.LTWWorld@566f1852 java.lang.annotation.Retention, o.a.a.b.c.JavaClass@17046283
21:07:12.208 [main] DEBUG org.aspectj.weaver.bcel.BcelWorld - 21:07:12.208 main - o.a.w.b.BcelWorld.lookupJavaClass o.a.w.l.LTWWorld@566f1852 java.lang.annotation.Target, o.a.a.b.c.JavaClass@5bd03f44
21:07:12.208 [main] DEBUG org.aspectj.weaver.bcel.BcelWorld - 21:07:12.208 main - o.a.w.b.BcelWorld.lookupJavaClass o.a.w.l.LTWWorld@566f1852 io.qameta.allure.Attachment, o.a.a.b.c.JavaClass@6e4784bc
21:07:12.213 [main] DEBUG org.aspectj.weaver.bcel.BcelWeaver - 21:07:12.213 main < o.a.w.b.BcelWeaver.weaveAndNotify
21:07:12.213 [main] DEBUG org.aspectj.weaver.bcel.BcelWeaver - 21:07:12.213 main < o.a.w.b.BcelWeaver.weave java.util.ArrayList(1)
21:07:12.213 [main] DEBUG org.aspectj.weaver.tools.WeavingAdaptor - 21:07:12.213 main < o.a.w.t.WeavingAdaptor.weaveClass byte[794]
21:07:12.213 [main] DEBUG org.aspectj.weaver.Dump - 21:07:12.213 main > o.a.w.Dump.dumpOnExit o.a.w.t.WeavingAdaptor$WeavingAdaptorMessageHolder@75b38c36
21:07:12.213 [main] DEBUG org.aspectj.weaver.Dump - 21:07:12.213 main > o.a.w.Dump.shouldDumpOnExit o.a.w.t.WeavingAdaptor$WeavingAdaptorMessageHolder@75b38c36
21:07:12.213 [main] DEBUG org.aspectj.weaver.Dump - 21:07:12.213 main - o.a.w.Dump.shouldDumpOnExit abort
21:07:12.213 [main] DEBUG org.aspectj.weaver.Dump - 21:07:12.213 main < o.a.w.Dump.shouldDumpOnExit false
21:07:12.213 [main] DEBUG org.aspectj.weaver.Dump - 21:07:12.213 main < o.a.w.Dump.dumpOnExit Excluded
21:07:12.213 [main] DEBUG org.aspectj.weaver.loadtime.Aj - 21:07:12.213 main < o.a.w.l.Aj.preProcess byte[794]
21:07:12.213 [main] DEBUG org.aspectj.weaver.loadtime.Aj - 21:07:12.213 main > o.a.w.l.Aj.preProcess o.a.w.l.Aj@6fadae5d jdk/internal/reflect/GeneratedMethodAccessor2, byte[795], j.i.r.DelegatingClassLoader@2349f14d
21:07:12.213 [main] DEBUG org.aspectj.weaver.loadtime.Aj - 21:07:12.213 main - o.a.w.l.Aj.preProcess o.a.w.l.Aj@6fadae5d j.i.l.ClassLoaders$AppClassLoader@1d44bcfa, j.i.l.ClassLoaders$AppClassLoader@1d44bcfa
21:07:12.213 [main] DEBUG org.aspectj.weaver.loadtime.ClassLoaderWeavingAdaptor - 21:07:12.213 main > o.a.w.l.ClassLoaderWeavingAdaptor.<init> o.a.w.l.ClassLoaderWeavingAdaptor@17e0933c
21:07:12.213 [main] DEBUG org.aspectj.weaver.loadtime.ClassLoaderWeavingAdaptor - 21:07:12.213 main < o.a.w.l.ClassLoaderWeavingAdaptor.<init>
21:07:12.213 [main] DEBUG org.aspectj.weaver.loadtime.DefaultWeavingContext - 21:07:12.213 main > o.a.w.l.DefaultWeavingContext.getDefinitions o.a.w.l.DefaultWeavingContext@7edb6fca goo, o.a.w.l.ClassLoaderWeavingAdaptor@17e0933c
21:07:12.214 [main] DEBUG org.aspectj.weaver.loadtime.ClassLoaderWeavingAdaptor - 21:07:12.213 main > o.a.w.l.ClassLoaderWeavingAdaptor.parseDefinitions o.a.w.l.ClassLoaderWeavingAdaptor@17e0933c
21:07:12.214 [main] DEBUG org.aspectj.weaver.loadtime.ClassLoaderWeavingAdaptor - 21:07:12.214 main - o.a.w.l.ClassLoaderWeavingAdaptor.parseDefinitions o.a.w.l.ClassLoaderWeavingAdaptor@17e0933c META-INF/aop.xml;META-INF/aop-ajc.xml;org/aspectj/aop.xml
21:07:12.214 [main] DEBUG org.aspectj.weaver.loadtime.ClassLoaderWeavingAdaptor - 21:07:12.214 main - o.a.w.l.ClassLoaderWeavingAdaptor.parseDefinitions o.a.w.l.ClassLoaderWeavingAdaptor@17e0933c jar:file:/C:/Users/Acer/.m2/repository/io/qameta/allure/allure-junit-platform/2.15.0/allure-junit-platform-2.15.0.jar!/META-INF/aop-ajc.xml
21:07:12.214 [main] DEBUG org.aspectj.weaver.loadtime.ClassLoaderWeavingAdaptor - 21:07:12.214 main < o.a.w.l.ClassLoaderWeavingAdaptor.parseDefinitions java.util.ArrayList(1)
21:07:12.214 [main] DEBUG org.aspectj.weaver.loadtime.DefaultWeavingContext - 21:07:12.214 main < o.a.w.l.DefaultWeavingContext.getDefinitions java.util.ArrayList(1)
21:07:12.214 [main] DEBUG org.aspectj.weaver.Lint - 21:07:12.214 main > o.a.w.Lint.<init> o.a.w.Lint@1dcedc93 o.a.w.l.LTWWorld@716185fe
21:07:12.214 [main] DEBUG org.aspectj.weaver.Lint - 21:07:12.214 main < o.a.w.Lint.<init>
21:07:12.214 [main] DEBUG org.aspectj.weaver.bcel.BcelWeaver - 21:07:12.214 main > o.a.w.b.BcelWeaver.<init> o.a.w.b.BcelWeaver@628b819d o.a.w.l.LTWWorld@716185fe
21:07:12.222 [main] DEBUG org.aspectj.weaver.bcel.BcelWeaver - 21:07:12.222 main < o.a.w.b.BcelWeaver.<init>
21:07:12.222 [main] DEBUG org.aspectj.weaver.loadtime.ClassLoaderWeavingAdaptor - 21:07:12.222 main > o.a.w.l.ClassLoaderWeavingAdaptor.registerDefinitions o.a.w.l.ClassLoaderWeavingAdaptor@17e0933c java.util.ArrayList(1)
21:07:12.223 [main] DEBUG org.aspectj.weaver.Lint - 21:07:12.223 main > o.a.w.Lint.setAll o.a.w.Lint@1dcedc93 ignore
21:07:12.223 [main] DEBUG org.aspectj.weaver.Lint - 21:07:12.223 main < o.a.w.Lint.setAll
21:07:12.223 [main] DEBUG org.aspectj.weaver.loadtime.ClassLoaderWeavingAdaptor - 21:07:12.223 main > o.a.w.l.ClassLoaderWeavingAdaptor.registerAspects o.a.w.l.ClassLoaderWeavingAdaptor@17e0933c o.a.w.b.BcelWeaver@628b819d, j.i.r.DelegatingClassLoader@2349f14d, java.util.ArrayList(1)
21:07:12.223 [main] DEBUG org.aspectj.weaver.bcel.BcelWeaver - 21:07:12.223 main > o.a.w.b.BcelWeaver.addLibraryAspect o.a.w.b.BcelWeaver@628b819d io.qameta.allure.aspects.StepsAspects
21:07:12.223 [main] DEBUG org.aspectj.weaver.bcel.BcelWorld - 21:07:12.223 main - o.a.w.b.BcelWorld.lookupJavaClass o.a.w.l.LTWWorld@716185fe io.qameta.allure.aspects.StepsAspects, o.a.a.b.c.JavaClass@17d0685f
21:07:12.223 [main] DEBUG org.aspectj.weaver.bcel.BcelWorld - 21:07:12.223 main - o.a.w.b.BcelWorld.lookupJavaClass o.a.w.l.LTWWorld@716185fe java.lang.Object, o.a.a.b.c.JavaClass@1188e820
21:07:12.225 [main] DEBUG org.aspectj.weaver.bcel.BcelWorld - 21:07:12.225 main - o.a.w.b.BcelWorld.lookupJavaClass o.a.w.l.LTWWorld@716185fe org.aspectj.lang.annotation.Aspect, o.a.a.b.c.JavaClass@123f1134
21:07:12.226 [main] DEBUG org.aspectj.weaver.bcel.BcelWeaver - 21:07:12.226 main < o.a.w.b.BcelWeaver.addLibraryAspect org.aspectj.weaver.ReferenceType[io.qameta.allure.aspects.StepsAspects]
21:07:12.226 [main] DEBUG org.aspectj.weaver.bcel.BcelWeaver - 21:07:12.226 main > o.a.w.b.BcelWeaver.addLibraryAspect o.a.w.b.BcelWeaver@628b819d io.qameta.allure.aspects.AttachmentsAspects
21:07:12.227 [main] DEBUG org.aspectj.weaver.bcel.BcelWorld - 21:07:12.227 main - o.a.w.b.BcelWorld.lookupJavaClass o.a.w.l.LTWWorld@716185fe io.qameta.allure.aspects.AttachmentsAspects, o.a.a.b.c.JavaClass@2a32de6c
21:07:12.228 [main] DEBUG org.aspectj.weaver.bcel.BcelWeaver - 21:07:12.228 main < o.a.w.b.BcelWeaver.addLibraryAspect org.aspectj.weaver.ReferenceType[io.qameta.allure.aspects.AttachmentsAspects]
21:07:12.228 [main] DEBUG org.aspectj.weaver.loadtime.ClassLoaderWeavingAdaptor - 21:07:12.228 main < o.a.w.l.ClassLoaderWeavingAdaptor.registerAspects true
21:07:12.228 [main] DEBUG org.aspectj.weaver.loadtime.ClassLoaderWeavingAdaptor - 21:07:12.228 main < o.a.w.l.ClassLoaderWeavingAdaptor.registerDefinitions true
21:07:12.228 [main] DEBUG org.aspectj.weaver.bcel.BcelWeaver - 21:07:12.228 main > o.a.w.b.BcelWeaver.prepareForWeave o.a.w.b.BcelWeaver@628b819d
21:07:12.228 [main] DEBUG org.aspectj.weaver.bcel.BcelWeaver - 21:07:12.228 main < o.a.w.b.BcelWeaver.prepareForWeave
21:07:12.228 [main] DEBUG org.aspectj.weaver.loadtime.ClassLoaderWeavingAdaptor - 21:07:12.228 main > o.a.w.l.ClassLoaderWeavingAdaptor.weaveAndDefineConceteAspects o.a.w.l.ClassLoaderWeavingAdaptor@17e0933c java.util.ArrayList(0)
21:07:12.228 [main] DEBUG org.aspectj.weaver.loadtime.ClassLoaderWeavingAdaptor - 21:07:12.228 main < o.a.w.l.ClassLoaderWeavingAdaptor.weaveAndDefineConceteAspects true
21:07:12.235 [main] DEBUG org.aspectj.weaver.loadtime.ClassLoaderWeavingAdaptor - 21:07:12.235 main < o.a.w.l.ClassLoaderWeavingAdaptor.initialize true
21:07:12.235 [main] DEBUG org.aspectj.weaver.tools.WeavingAdaptor - 21:07:12.235 main > o.a.w.t.WeavingAdaptor.weaveClass o.a.w.l.ClassLoaderWeavingAdaptor@17e0933c jdk/internal/reflect/GeneratedMethodAccessor2, byte[795]
21:07:12.235 [main] DEBUG org.aspectj.weaver.bcel.BcelWeaver - 21:07:12.235 main > o.a.w.b.BcelWeaver.weave o.a.w.b.BcelWeaver@628b819d o.a.w.t.WeavingAdaptor$WeavingClassFileProvider@51f95f0d
21:07:12.236 [main] DEBUG org.aspectj.weaver.bcel.BcelWorld - 21:07:12.236 main - o.a.w.b.BcelWorld.lookupJavaClass o.a.w.l.LTWWorld@716185fe jdk.internal.reflect.MethodAccessorImpl, o.a.a.b.c.JavaClass@4978777f
21:07:12.236 [main] DEBUG org.aspectj.weaver.bcel.BcelWeaver - 21:07:12.236 main > o.a.w.b.BcelWeaver.weaveAndNotify o.a.w.b.BcelWeaver@628b819d o.a.w.b.UnwovenClassFile@6fc0bbc6, o.a.w.b.BcelObjectType@706ddbc8, o.a.w.t.WeavingAdaptor$WeavingClassFileProvider$1@fd09e43
21:07:12.236 [main] DEBUG org.aspectj.weaver.bcel.BcelWorld - 21:07:12.236 main - o.a.w.b.BcelWorld.lookupJavaClass o.a.w.l.LTWWorld@716185fe jdk.internal.reflect.MethodAccessor, o.a.a.b.c.JavaClass@468e8565
21:07:12.236 [main] DEBUG org.aspectj.weaver.bcel.BcelWorld - 21:07:12.236 main - o.a.w.b.BcelWorld.lookupJavaClass o.a.w.l.LTWWorld@716185fe jdk.internal.reflect.MagicAccessorImpl, o.a.a.b.c.JavaClass@397ef2
21:07:12.236 [main] DEBUG org.aspectj.weaver.bcel.BcelWorld - 21:07:12.236 main - o.a.w.b.BcelWorld.lookupJavaClass o.a.w.l.LTWWorld@716185fe io.qameta.allure.Step, o.a.a.b.c.JavaClass@1622f1b
21:07:12.236 [main] DEBUG org.aspectj.weaver.bcel.BcelWorld - 21:07:12.236 main - o.a.w.b.BcelWorld.lookupJavaClass o.a.w.l.LTWWorld@716185fe java.lang.annotation.Documented, o.a.a.b.c.JavaClass@70e8f8e
21:07:12.236 [main] DEBUG org.aspectj.weaver.bcel.BcelWorld - 21:07:12.236 main - o.a.w.b.BcelWorld.lookupJavaClass o.a.w.l.LTWWorld@716185fe java.lang.annotation.Retention, o.a.a.b.c.JavaClass@17046283
21:07:12.236 [main] DEBUG org.aspectj.weaver.bcel.BcelWorld - 21:07:12.236 main - o.a.w.b.BcelWorld.lookupJavaClass o.a.w.l.LTWWorld@716185fe java.lang.annotation.Target, o.a.a.b.c.JavaClass@5bd03f44
21:07:12.237 [main] DEBUG org.aspectj.weaver.bcel.BcelWorld - 21:07:12.237 main - o.a.w.b.BcelWorld.lookupJavaClass o.a.w.l.LTWWorld@716185fe io.qameta.allure.Attachment, o.a.a.b.c.JavaClass@6e4784bc
21:07:12.237 [main] DEBUG org.aspectj.weaver.bcel.BcelWeaver - 21:07:12.237 main < o.a.w.b.BcelWeaver.weaveAndNotify
21:07:12.237 [main] DEBUG org.aspectj.weaver.bcel.BcelWeaver - 21:07:12.237 main < o.a.w.b.BcelWeaver.weave java.util.ArrayList(1)
21:07:12.237 [main] DEBUG org.aspectj.weaver.tools.WeavingAdaptor - 21:07:12.237 main < o.a.w.t.WeavingAdaptor.weaveClass byte[795]
21:07:12.237 [main] DEBUG org.aspectj.weaver.Dump - 21:07:12.237 main > o.a.w.Dump.dumpOnExit o.a.w.t.WeavingAdaptor$WeavingAdaptorMessageHolder@609319c3
21:07:12.237 [main] DEBUG org.aspectj.weaver.Dump - 21:07:12.237 main > o.a.w.Dump.shouldDumpOnExit o.a.w.t.WeavingAdaptor$WeavingAdaptorMessageHolder@609319c3
21:07:12.237 [main] DEBUG org.aspectj.weaver.Dump - 21:07:12.237 main - o.a.w.Dump.shouldDumpOnExit abort
21:07:12.237 [main] DEBUG org.aspectj.weaver.Dump - 21:07:12.237 main < o.a.w.Dump.shouldDumpOnExit false
21:07:12.237 [main] DEBUG org.aspectj.weaver.Dump - 21:07:12.237 main < o.a.w.Dump.dumpOnExit Excluded
21:07:12.237 [main] DEBUG org.aspectj.weaver.loadtime.Aj - 21:07:12.237 main < o.a.w.l.Aj.preProcess byte[795]
21:07:12.241 [main] DEBUG org.aspectj.weaver.loadtime.Aj - 21:07:12.241 main > o.a.w.l.Aj.preProcess o.a.w.l.Aj@6fadae5d org/apache/maven/surefire/report/PojoStackTraceWriter, byte[3119], j.i.l.ClassLoaders$AppClassLoader@1d44bcfa
21:07:12.246 [main] DEBUG org.aspectj.weaver.loadtime.Aj - 21:07:12.245 main - o.a.w.l.Aj.preProcess o.a.w.l.Aj@6fadae5d j.i.l.ClassLoaders$PlatformClassLoader@6bf256fa, j.i.l.ClassLoaders$AppClassLoader@1d44bcfa
21:07:12.246 [main] DEBUG org.aspectj.weaver.tools.WeavingAdaptor - 21:07:12.246 main > o.a.w.t.WeavingAdaptor.weaveClass o.a.w.l.ClassLoaderWeavingAdaptor@3d8c7aca org/apache/maven/surefire/report/PojoStackTraceWriter, byte[3119]
21:07:12.246 [main] DEBUG org.aspectj.weaver.bcel.BcelWeaver - 21:07:12.246 main > o.a.w.b.BcelWeaver.weave o.a.w.b.BcelWeaver@71bbf57e o.a.w.t.WeavingAdaptor$WeavingClassFileProvider@5d1b1c2a
21:07:12.246 [main] DEBUG org.aspectj.weaver.bcel.BcelWorld - 21:07:12.246 main - o.a.w.b.BcelWorld.lookupJavaClass o.a.w.l.LTWWorld@3632be31 org.apache.maven.surefire.report.StackTraceWriter, o.a.a.b.c.JavaClass@4ba89729
21:07:12.246 [main] DEBUG org.aspectj.weaver.bcel.BcelWeaver - 21:07:12.246 main > o.a.w.b.BcelWeaver.weaveAndNotify o.a.w.b.BcelWeaver@71bbf57e o.a.w.b.UnwovenClassFile@6397248c, o.a.w.b.BcelObjectType@25f61c2c, o.a.w.t.WeavingAdaptor$WeavingClassFileProvider$1@72bd2871
21:07:12.246 [main] DEBUG org.aspectj.weaver.bcel.BcelWorld - 21:07:12.246 main - o.a.w.b.BcelWorld.lookupJavaClass o.a.w.l.LTWWorld@3632be31 org.apache.maven.surefire.report.SafeThrowable, o.a.a.b.c.JavaClass@234c5e41
21:07:12.246 [main] DEBUG org.aspectj.weaver.bcel.BcelWeaver - 21:07:12.246 main < o.a.w.b.BcelWeaver.weaveAndNotify
21:07:12.246 [main] DEBUG org.aspectj.weaver.bcel.BcelWeaver - 21:07:12.246 main < o.a.w.b.BcelWeaver.weave java.util.ArrayList(1)
21:07:12.246 [main] DEBUG org.aspectj.weaver.tools.WeavingAdaptor - 21:07:12.246 main < o.a.w.t.WeavingAdaptor.weaveClass byte[3119]
21:07:12.246 [main] DEBUG org.aspectj.weaver.Dump - 21:07:12.246 main > o.a.w.Dump.dumpOnExit o.a.w.t.WeavingAdaptor$WeavingAdaptorMessageHolder@3911c2a7
21:07:12.246 [main] DEBUG org.aspectj.weaver.Dump - 21:07:12.246 main > o.a.w.Dump.shouldDumpOnExit o.a.w.t.WeavingAdaptor$WeavingAdaptorMessageHolder@3911c2a7
21:07:12.246 [main] DEBUG org.aspectj.weaver.Dump - 21:07:12.246 main - o.a.w.Dump.shouldDumpOnExit abort
21:07:12.247 [main] DEBUG org.aspectj.weaver.Dump - 21:07:12.246 main < o.a.w.Dump.shouldDumpOnExit false
21:07:12.247 [main] DEBUG org.aspectj.weaver.Dump - 21:07:12.247 main < o.a.w.Dump.dumpOnExit Excluded
21:07:12.247 [main] DEBUG org.aspectj.weaver.loadtime.Aj - 21:07:12.247 main < o.a.w.l.Aj.preProcess byte[3119]
21:07:12.247 [main] DEBUG org.aspectj.weaver.loadtime.Aj - 21:07:12.247 main > o.a.w.l.Aj.preProcess o.a.w.l.Aj@6fadae5d org/apache/maven/surefire/report/SafeThrowable, byte[1027], j.i.l.ClassLoaders$AppClassLoader@1d44bcfa
21:07:12.247 [main] DEBUG org.aspectj.weaver.loadtime.Aj - 21:07:12.247 main - o.a.w.l.Aj.preProcess o.a.w.l.Aj@6fadae5d j.i.l.ClassLoaders$PlatformClassLoader@6bf256fa, j.i.l.ClassLoaders$AppClassLoader@1d44bcfa
21:07:12.247 [main] DEBUG org.aspectj.weaver.tools.WeavingAdaptor - 21:07:12.247 main > o.a.w.t.WeavingAdaptor.weaveClass o.a.w.l.ClassLoaderWeavingAdaptor@3d8c7aca org/apache/maven/surefire/report/SafeThrowable, byte[1027]
21:07:12.247 [main] DEBUG org.aspectj.weaver.bcel.BcelWeaver - 21:07:12.247 main > o.a.w.b.BcelWeaver.weave o.a.w.b.BcelWeaver@71bbf57e o.a.w.t.WeavingAdaptor$WeavingClassFileProvider@413bef78
21:07:12.247 [main] DEBUG org.aspectj.weaver.bcel.BcelWeaver - 21:07:12.247 main > o.a.w.b.BcelWeaver.weaveAndNotify o.a.w.b.BcelWeaver@71bbf57e o.a.w.b.UnwovenClassFile@66383c29, o.a.w.b.BcelObjectType@7f7c420c, o.a.w.t.WeavingAdaptor$WeavingClassFileProvider$1@5d152bcd
21:07:12.248 [main] DEBUG org.aspectj.weaver.bcel.BcelWeaver - 21:07:12.248 main < o.a.w.b.BcelWeaver.weaveAndNotify
21:07:12.255 [main] DEBUG org.aspectj.weaver.bcel.BcelWeaver - 21:07:12.255 main < o.a.w.b.BcelWeaver.weave java.util.ArrayList(1)
21:07:12.255 [main] DEBUG org.aspectj.weaver.tools.WeavingAdaptor - 21:07:12.255 main < o.a.w.t.WeavingAdaptor.weaveClass byte[1027]
21:07:12.255 [main] DEBUG org.aspectj.weaver.Dump - 21:07:12.255 main > o.a.w.Dump.dumpOnExit o.a.w.t.WeavingAdaptor$WeavingAdaptorMessageHolder@3911c2a7
21:07:12.255 [main] DEBUG org.aspectj.weaver.Dump - 21:07:12.255 main > o.a.w.Dump.shouldDumpOnExit o.a.w.t.WeavingAdaptor$WeavingAdaptorMessageHolder@3911c2a7
21:07:12.255 [main] DEBUG org.aspectj.weaver.Dump - 21:07:12.255 main - o.a.w.Dump.shouldDumpOnExit abort
21:07:12.255 [main] DEBUG org.aspectj.weaver.Dump - 21:07:12.255 main < o.a.w.Dump.shouldDumpOnExit false
21:07:12.255 [main] DEBUG org.aspectj.weaver.Dump - 21:07:12.255 main < o.a.w.Dump.dumpOnExit Excluded
21:07:12.255 [main] DEBUG org.aspectj.weaver.loadtime.Aj - 21:07:12.255 main < o.a.w.l.Aj.preProcess byte[1027]
21:07:12.256 [main] DEBUG org.aspectj.weaver.loadtime.Aj - 21:07:12.256 main > o.a.w.l.Aj.preProcess o.a.w.l.Aj@6fadae5d org/apache/maven/surefire/report/SmartStackTraceParser, byte[9048], j.i.l.ClassLoaders$AppClassLoader@1d44bcfa
21:07:12.256 [main] DEBUG org.aspectj.weaver.loadtime.Aj - 21:07:12.256 main - o.a.w.l.Aj.preProcess o.a.w.l.Aj@6fadae5d j.i.l.ClassLoaders$PlatformClassLoader@6bf256fa, j.i.l.ClassLoaders$AppClassLoader@1d44bcfa
21:07:12.256 [main] DEBUG org.aspectj.weaver.tools.WeavingAdaptor - 21:07:12.256 main > o.a.w.t.WeavingAdaptor.weaveClass o.a.w.l.ClassLoaderWeavingAdaptor@3d8c7aca org/apache/maven/surefire/report/SmartStackTraceParser, byte[9048]
21:07:12.256 [main] DEBUG org.aspectj.weaver.bcel.BcelWeaver - 21:07:12.256 main > o.a.w.b.BcelWeaver.weave o.a.w.b.BcelWeaver@71bbf57e o.a.w.t.WeavingAdaptor$WeavingClassFileProvider@53f0d09c
21:07:12.256 [main] DEBUG org.aspectj.weaver.bcel.BcelWeaver - 21:07:12.256 main > o.a.w.b.BcelWeaver.weaveAndNotify o.a.w.b.BcelWeaver@71bbf57e o.a.w.b.UnwovenClassFile@47acd13b, o.a.w.b.BcelObjectType@6f8e9d06, o.a.w.t.WeavingAdaptor$WeavingClassFileProvider$1@77d381e6
21:07:12.257 [main] DEBUG org.aspectj.weaver.bcel.BcelWorld - 21:07:12.257 main - o.a.w.b.BcelWorld.lookupJavaClass o.a.w.l.LTWWorld@3632be31 java.lang.StackTraceElement, o.a.a.b.c.JavaClass@180b3819
21:07:12.258 [main] DEBUG org.aspectj.weaver.bcel.BcelWorld - 21:07:12.258 main - o.a.w.b.BcelWorld.lookupJavaClass o.a.w.l.LTWWorld@3632be31 org.apache.maven.surefire.report.StackTraceFilter, o.a.a.b.c.JavaClass@5d512ddb
21:07:12.258 [main] DEBUG org.aspectj.weaver.bcel.BcelWorld - 21:07:12.258 main - o.a.w.b.BcelWorld.lookupJavaClass o.a.w.l.LTWWorld@3632be31 java.lang.Iterable, o.a.a.b.c.JavaClass@20ce78ec
21:07:12.258 [main] DEBUG org.aspectj.weaver.bcel.BcelWeaver - 21:07:12.258 main < o.a.w.b.BcelWeaver.weaveAndNotify
21:07:12.258 [main] DEBUG org.aspectj.weaver.bcel.BcelWeaver - 21:07:12.258 main < o.a.w.b.BcelWeaver.weave java.util.ArrayList(1)
21:07:12.258 [main] DEBUG org.aspectj.weaver.tools.WeavingAdaptor - 21:07:12.258 main < o.a.w.t.WeavingAdaptor.weaveClass byte[9048]
21:07:12.258 [main] DEBUG org.aspectj.weaver.Dump - 21:07:12.258 main > o.a.w.Dump.dumpOnExit o.a.w.t.WeavingAdaptor$WeavingAdaptorMessageHolder@3911c2a7
21:07:12.258 [main] DEBUG org.aspectj.weaver.Dump - 21:07:12.258 main > o.a.w.Dump.shouldDumpOnExit o.a.w.t.WeavingAdaptor$WeavingAdaptorMessageHolder@3911c2a7
21:07:12.258 [main] DEBUG org.aspectj.weaver.Dump - 21:07:12.258 main - o.a.w.Dump.shouldDumpOnExit abort
21:07:12.258 [main] DEBUG org.aspectj.weaver.Dump - 21:07:12.258 main < o.a.w.Dump.shouldDumpOnExit false
21:07:12.265 [main] DEBUG org.aspectj.weaver.Dump - 21:07:12.265 main < o.a.w.Dump.dumpOnExit Excluded
21:07:12.265 [main] DEBUG org.aspectj.weaver.loadtime.Aj - 21:07:12.265 main < o.a.w.l.Aj.preProcess byte[9048]
21:07:12.266 [main] DEBUG org.aspectj.weaver.loadtime.Aj - 21:07:12.266 main > o.a.w.l.Aj.preProcess o.a.w.l.Aj@6fadae5d org/apache/maven/surefire/report/StackTraceFilter, byte[199], j.i.l.ClassLoaders$AppClassLoader@1d44bcfa
21:07:12.266 [main] DEBUG org.aspectj.weaver.loadtime.Aj - 21:07:12.266 main - o.a.w.l.Aj.preProcess o.a.w.l.Aj@6fadae5d j.i.l.ClassLoaders$PlatformClassLoader@6bf256fa, j.i.l.ClassLoaders$AppClassLoader@1d44bcfa
21:07:12.266 [main] DEBUG org.aspectj.weaver.tools.WeavingAdaptor - 21:07:12.266 main > o.a.w.t.WeavingAdaptor.weaveClass o.a.w.l.ClassLoaderWeavingAdaptor@3d8c7aca org/apache/maven/surefire/report/StackTraceFilter, byte[199]
21:07:12.266 [main] DEBUG org.aspectj.weaver.bcel.BcelWeaver - 21:07:12.266 main > o.a.w.b.BcelWeaver.weave o.a.w.b.BcelWeaver@71bbf57e o.a.w.t.WeavingAdaptor$WeavingClassFileProvider@5974b7e8
21:07:12.266 [main] DEBUG org.aspectj.weaver.bcel.BcelWeaver - 21:07:12.266 main > o.a.w.b.BcelWeaver.weaveAndNotify o.a.w.b.BcelWeaver@71bbf57e o.a.w.b.UnwovenClassFile@2839e3c8, o.a.w.b.BcelObjectType@66bf40e5, o.a.w.t.WeavingAdaptor$WeavingClassFileProvider$1@2291d9a0
21:07:12.266 [main] DEBUG org.aspectj.weaver.bcel.BcelWeaver - 21:07:12.266 main < o.a.w.b.BcelWeaver.weaveAndNotify
21:07:12.266 [main] DEBUG org.aspectj.weaver.bcel.BcelWeaver - 21:07:12.266 main < o.a.w.b.BcelWeaver.weave java.util.ArrayList(1)
21:07:12.266 [main] DEBUG org.aspectj.weaver.tools.WeavingAdaptor - 21:07:12.266 main < o.a.w.t.WeavingAdaptor.weaveClass byte[199]
21:07:12.266 [main] DEBUG org.aspectj.weaver.Dump - 21:07:12.266 main > o.a.w.Dump.dumpOnExit o.a.w.t.WeavingAdaptor$WeavingAdaptorMessageHolder@3911c2a7
21:07:12.266 [main] DEBUG org.aspectj.weaver.Dump - 21:07:12.266 main > o.a.w.Dump.shouldDumpOnExit o.a.w.t.WeavingAdaptor$WeavingAdaptorMessageHolder@3911c2a7
21:07:12.266 [main] DEBUG org.aspectj.weaver.Dump - 21:07:12.266 main - o.a.w.Dump.shouldDumpOnExit abort
21:07:12.266 [main] DEBUG org.aspectj.weaver.Dump - 21:07:12.266 main < o.a.w.Dump.shouldDumpOnExit false
21:07:12.266 [main] DEBUG org.aspectj.weaver.Dump - 21:07:12.266 main < o.a.w.Dump.dumpOnExit Excluded
21:07:12.266 [main] DEBUG org.aspectj.weaver.loadtime.Aj - 21:07:12.266 main < o.a.w.l.Aj.preProcess byte[199]
21:07:12.267 [main] DEBUG org.aspectj.weaver.loadtime.Aj - 21:07:12.267 main > o.a.w.l.Aj.preProcess o.a.w.l.Aj@6fadae5d org/apache/maven/surefire/org/apache/maven/shared/utils/StringUtils, byte[22852], j.i.l.ClassLoaders$AppClassLoader@1d44bcfa
21:07:12.267 [main] DEBUG org.aspectj.weaver.loadtime.Aj - 21:07:12.267 main - o.a.w.l.Aj.preProcess o.a.w.l.Aj@6fadae5d j.i.l.ClassLoaders$PlatformClassLoader@6bf256fa, j.i.l.ClassLoaders$AppClassLoader@1d44bcfa
21:07:12.267 [main] DEBUG org.aspectj.weaver.tools.WeavingAdaptor - 21:07:12.267 main > o.a.w.t.WeavingAdaptor.weaveClass o.a.w.l.ClassLoaderWeavingAdaptor@3d8c7aca org/apache/maven/surefire/org/apache/maven/shared/utils/StringUtils, byte[22852]
21:07:12.268 [main] DEBUG org.aspectj.weaver.bcel.BcelWeaver - 21:07:12.268 main > o.a.w.b.BcelWeaver.weave o.a.w.b.BcelWeaver@71bbf57e o.a.w.t.WeavingAdaptor$WeavingClassFileProvider@9b23822
21:07:12.268 [main] DEBUG org.aspectj.weaver.bcel.BcelWeaver - 21:07:12.268 main > o.a.w.b.BcelWeaver.weaveAndNotify o.a.w.b.BcelWeaver@71bbf57e o.a.w.b.UnwovenClassFile@60f21960, o.a.w.b.BcelObjectType@6a6c7f42, o.a.w.t.WeavingAdaptor$WeavingClassFileProvider$1@5a515e5d
21:07:12.276 [main] ERROR org.aspectj.weaver.bcel.BcelWorld - Unable to find class 'org.apache.maven.surefire.javax.annotation.Nonnull' in repository
java.lang.ClassNotFoundException: org.apache.maven.surefire.javax.annotation.Nonnull not found - unable to determine URL
	at org.aspectj.apache.bcel.util.ClassLoaderRepository.loadClass(ClassLoaderRepository.java:292)
	at org.aspectj.weaver.bcel.BcelWorld.lookupJavaClass(BcelWorld.java:418)
	at org.aspectj.weaver.bcel.BcelWorld.resolveDelegate(BcelWorld.java:392)
	at org.aspectj.weaver.ltw.LTWWorld.resolveDelegate(LTWWorld.java:107)
	at org.aspectj.weaver.World.resolveToReferenceType(World.java:478)
	at org.aspectj.weaver.World.resolve(World.java:319)
	at org.aspectj.weaver.World.resolve(World.java:229)
	at org.aspectj.weaver.UnresolvedType.resolve(UnresolvedType.java:615)
	at org.aspectj.weaver.bcel.BcelAnnotation.<init>(BcelAnnotation.java:38)
	at org.aspectj.weaver.bcel.BcelMethod.ensureAnnotationsRetrieved(BcelMethod.java:470)
	at org.aspectj.weaver.bcel.BcelMethod.hasAnnotation(BcelMethod.java:333)
	at org.aspectj.weaver.patterns.ExactAnnotationTypePattern.matches(ExactAnnotationTypePattern.java:109)
	at org.aspectj.weaver.patterns.ExactAnnotationTypePattern.matches(ExactAnnotationTypePattern.java:96)
	at org.aspectj.weaver.patterns.AnnotationPointcut.matchInternal(AnnotationPointcut.java:156)
	at org.aspectj.weaver.patterns.Pointcut.match(Pointcut.java:137)
	at org.aspectj.weaver.patterns.AndPointcut.matchInternal(AndPointcut.java:60)
	at org.aspectj.weaver.patterns.Pointcut.match(Pointcut.java:137)
	at org.aspectj.weaver.patterns.AndPointcut.matchInternal(AndPointcut.java:56)
	at org.aspectj.weaver.patterns.Pointcut.match(Pointcut.java:137)
	at org.aspectj.weaver.ShadowMunger.match(ShadowMunger.java:113)
	at org.aspectj.weaver.Advice.match(Advice.java:109)
	at org.aspectj.weaver.bcel.BcelAdvice.match(BcelAdvice.java:148)
	at org.aspectj.weaver.bcel.BcelClassWeaver.match(BcelClassWeaver.java:3311)
	at org.aspectj.weaver.bcel.BcelClassWeaver.match(BcelClassWeaver.java:2692)
	at org.aspectj.weaver.bcel.BcelClassWeaver.weave(BcelClassWeaver.java:480)
	at org.aspectj.weaver.bcel.BcelClassWeaver.weave(BcelClassWeaver.java:100)
	at org.aspectj.weaver.bcel.BcelWeaver.weave(BcelWeaver.java:1700)
	at org.aspectj.weaver.bcel.BcelWeaver.weaveWithoutDump(BcelWeaver.java:1644)
	at org.aspectj.weaver.bcel.BcelWeaver.weaveAndNotify(BcelWeaver.java:1409)
	at org.aspectj.weaver.bcel.BcelWeaver.weave(BcelWeaver.java:1191)
	at org.aspectj.weaver.tools.WeavingAdaptor.getWovenBytes(WeavingAdaptor.java:527)
	at org.aspectj.weaver.tools.WeavingAdaptor.weaveClass(WeavingAdaptor.java:363)
	at org.aspectj.weaver.loadtime.Aj.preProcess(Aj.java:121)
	at org.aspectj.weaver.loadtime.ClassPreProcessorAgentAdapter.transform(ClassPreProcessorAgentAdapter.java:54)
	at java.instrument/java.lang.instrument.ClassFileTransformer.transform(ClassFileTransformer.java:244)
	at java.instrument/sun.instrument.TransformerManager.transform(TransformerManager.java:188)
	at java.instrument/sun.instrument.InstrumentationImpl.transform(InstrumentationImpl.java:565)
	at java.base/java.lang.ClassLoader.defineClass1(Native Method)
	at java.base/java.lang.ClassLoader.defineClass(ClassLoader.java:1010)
	at java.base/java.security.SecureClassLoader.defineClass(SecureClassLoader.java:150)
	at java.base/jdk.internal.loader.BuiltinClassLoader.defineClass(BuiltinClassLoader.java:855)
	at java.base/jdk.internal.loader.BuiltinClassLoader.findClassOnClassPathOrNull(BuiltinClassLoader.java:753)
	at java.base/jdk.internal.loader.BuiltinClassLoader.loadClassOrNull(BuiltinClassLoader.java:676)
	at java.base/jdk.internal.loader.BuiltinClassLoader.loadClass(BuiltinClassLoader.java:634)
	at java.base/jdk.internal.loader.ClassLoaders$AppClassLoader.loadClass(ClassLoaders.java:182)
	at java.base/java.lang.ClassLoader.loadClass(ClassLoader.java:519)
	at org.apache.maven.surefire.report.SmartStackTraceParser.getString(SmartStackTraceParser.java:98)
	at org.apache.maven.surefire.report.PojoStackTraceWriter.smartTrimmedStackTrace(PojoStackTraceWriter.java:83)
	at org.apache.maven.surefire.booter.ForkingRunListener.encode(ForkingRunListener.java:409)
	at org.apache.maven.surefire.booter.ForkingRunListener.encode(ForkingRunListener.java:393)
	at org.apache.maven.surefire.booter.ForkingRunListener.toString(ForkingRunListener.java:348)
	at org.apache.maven.surefire.booter.ForkingRunListener.testError(ForkingRunListener.java:171)
	at org.apache.maven.surefire.junitplatform.RunListenerAdapter.reportFailedTest(RunListenerAdapter.java:182)
	at org.apache.maven.surefire.junitplatform.RunListenerAdapter.executionFinished(RunListenerAdapter.java:107)
	at org.junit.platform.launcher.core.CompositeTestExecutionListener.lambda$executionFinished$10(CompositeTestExecutionListener.java:69)
	at org.junit.platform.launcher.core.CompositeTestExecutionListener.lambda$notifyEach$19(CompositeTestExecutionListener.java:95)
	at java.base/java.util.ArrayList.forEach(ArrayList.java:1511)
	at org.junit.platform.launcher.core.CompositeTestExecutionListener.notifyEach(CompositeTestExecutionListener.java:93)
	at org.junit.platform.launcher.core.CompositeTestExecutionListener.executionFinished(CompositeTestExecutionListener.java:69)
	at org.junit.platform.launcher.core.ExecutionListenerAdapter.executionFinished(ExecutionListenerAdapter.java:56)
	at org.junit.platform.launcher.core.DelegatingEngineExecutionListener.executionFinished(DelegatingEngineExecutionListener.java:46)
	at org.junit.platform.launcher.core.OutcomeDelayingEngineExecutionListener.executionFinished(OutcomeDelayingEngineExecutionListener.java:63)
	at org.junit.platform.engine.support.hierarchical.NodeTestTask.reportCompletion(NodeTestTask.java:195)
	at org.junit.platform.engine.support.hierarchical.NodeTestTask.execute(NodeTestTask.java:100)
	at java.base/java.util.ArrayList.forEach(ArrayList.java:1511)
	at org.junit.platform.engine.support.hierarchical.SameThreadHierarchicalTestExecutorService.invokeAll(SameThreadHierarchicalTestExecutorService.java:41)
	at org.junit.platform.engine.support.hierarchical.NodeTestTask.lambda$executeRecursively$6(NodeTestTask.java:155)
	at org.junit.platform.engine.support.hierarchical.ThrowableCollector.execute(ThrowableCollector.java:73)
	at org.junit.platform.engine.support.hierarchical.NodeTestTask.lambda$executeRecursively$8(NodeTestTask.java:141)
	at org.junit.platform.engine.support.hierarchical.Node.around(Node.java:137)
	at org.junit.platform.engine.support.hierarchical.NodeTestTask.lambda$executeRecursively$9(NodeTestTask.java:139)
	at org.junit.platform.engine.support.hierarchical.ThrowableCollector.execute(ThrowableCollector.java:73)
	at org.junit.platform.engine.support.hierarchical.NodeTestTask.executeRecursively(NodeTestTask.java:138)
	at org.junit.platform.engine.support.hierarchical.NodeTestTask.execute(NodeTestTask.java:95)
	at java.base/java.util.ArrayList.forEach(ArrayList.java:1511)
	at org.junit.platform.engine.support.hierarchical.SameThreadHierarchicalTestExecutorService.invokeAll(SameThreadHierarchicalTestExecutorService.java:41)
	at org.junit.platform.engine.support.hierarchical.NodeTestTask.lambda$executeRecursively$6(NodeTestTask.java:155)
	at org.junit.platform.engine.support.hierarchical.ThrowableCollector.execute(ThrowableCollector.java:73)
	at org.junit.platform.engine.support.hierarchical.NodeTestTask.lambda$executeRecursively$8(NodeTestTask.java:141)
	at org.junit.platform.engine.support.hierarchical.Node.around(Node.java:137)
	at org.junit.platform.engine.support.hierarchical.NodeTestTask.lambda$executeRecursively$9(NodeTestTask.java:139)
	at org.junit.platform.engine.support.hierarchical.ThrowableCollector.execute(ThrowableCollector.java:73)
	at org.junit.platform.engine.support.hierarchical.NodeTestTask.executeRecursively(NodeTestTask.java:138)
	at org.junit.platform.engine.support.hierarchical.NodeTestTask.execute(NodeTestTask.java:95)
	at org.junit.platform.engine.support.hierarchical.SameThreadHierarchicalTestExecutorService.submit(SameThreadHierarchicalTestExecutorService.java:35)
	at org.junit.platform.engine.support.hierarchical.HierarchicalTestExecutor.execute(HierarchicalTestExecutor.java:57)
	at org.junit.platform.engine.support.hierarchical.HierarchicalTestEngine.execute(HierarchicalTestEngine.java:54)
	at org.junit.platform.launcher.core.EngineExecutionOrchestrator.execute(EngineExecutionOrchestrator.java:107)
	at org.junit.platform.launcher.core.EngineExecutionOrchestrator.execute(EngineExecutionOrchestrator.java:88)
	at org.junit.platform.launcher.core.EngineExecutionOrchestrator.lambda$execute$0(EngineExecutionOrchestrator.java:54)
	at org.junit.platform.launcher.core.EngineExecutionOrchestrator.withInterceptedStreams(EngineExecutionOrchestrator.java:67)
	at org.junit.platform.launcher.core.EngineExecutionOrchestrator.execute(EngineExecutionOrchestrator.java:52)
	at org.junit.platform.launcher.core.DefaultLauncher.execute(DefaultLauncher.java:114)
	at org.junit.platform.launcher.core.DefaultLauncher.execute(DefaultLauncher.java:86)
	at org.junit.platform.launcher.core.DefaultLauncherSession$DelegatingLauncher.execute(DefaultLauncherSession.java:86)
	at org.junit.platform.launcher.core.SessionPerRequestLauncher.execute(SessionPerRequestLauncher.java:53)
	at org.apache.maven.surefire.junitplatform.JUnitPlatformProvider.invokeAllTests(JUnitPlatformProvider.java:150)
	at org.apache.maven.surefire.junitplatform.JUnitPlatformProvider.invoke(JUnitPlatformProvider.java:124)
	at org.apache.maven.surefire.booter.ForkedBooter.invokeProviderInSameClassLoader(ForkedBooter.java:384)
	at org.apache.maven.surefire.booter.ForkedBooter.runSuitesInProcess(ForkedBooter.java:345)
	at org.apache.maven.surefire.booter.ForkedBooter.execute(ForkedBooter.java:126)
	at org.apache.maven.surefire.booter.ForkedBooter.main(ForkedBooter.java:418)
21:07:12.281 [main] ERROR org.aspectj.weaver.bcel.BcelWorld - Unable to find class 'org.apache.maven.surefire.javax.annotation.Nonnull' in repository
java.lang.ClassNotFoundException: org.apache.maven.surefire.javax.annotation.Nonnull not found - unable to determine URL
	at org.aspectj.apache.bcel.util.ClassLoaderRepository.loadClass(ClassLoaderRepository.java:292)
	at org.aspectj.weaver.bcel.BcelWorld.lookupJavaClass(BcelWorld.java:418)
	at org.aspectj.weaver.bcel.BcelWorld.resolveDelegate(BcelWorld.java:392)
	at org.aspectj.weaver.ltw.LTWWorld.resolveDelegate(LTWWorld.java:107)
	at org.aspectj.weaver.World.resolveToReferenceType(World.java:478)
	at org.aspectj.weaver.World.resolve(World.java:319)
	at org.aspectj.weaver.World.resolve(World.java:229)
	at org.aspectj.weaver.UnresolvedType.resolve(UnresolvedType.java:615)
	at org.aspectj.weaver.bcel.BcelAnnotation.<init>(BcelAnnotation.java:38)
	at org.aspectj.weaver.bcel.BcelMethod.ensureAnnotationsRetrieved(BcelMethod.java:470)
	at org.aspectj.weaver.bcel.BcelMethod.hasAnnotation(BcelMethod.java:333)
	at org.aspectj.weaver.patterns.ExactAnnotationTypePattern.matches(ExactAnnotationTypePattern.java:109)
	at org.aspectj.weaver.patterns.ExactAnnotationTypePattern.matches(ExactAnnotationTypePattern.java:96)
	at org.aspectj.weaver.patterns.AnnotationPointcut.matchInternal(AnnotationPointcut.java:156)
	at org.aspectj.weaver.patterns.Pointcut.match(Pointcut.java:137)
	at org.aspectj.weaver.patterns.AndPointcut.matchInternal(AndPointcut.java:60)
	at org.aspectj.weaver.patterns.Pointcut.match(Pointcut.java:137)
	at org.aspectj.weaver.patterns.AndPointcut.matchInternal(AndPointcut.java:56)
	at org.aspectj.weaver.patterns.Pointcut.match(Pointcut.java:137)
	at org.aspectj.weaver.ShadowMunger.match(ShadowMunger.java:113)
	at org.aspectj.weaver.Advice.match(Advice.java:109)
	at org.aspectj.weaver.bcel.BcelAdvice.match(BcelAdvice.java:148)
	at org.aspectj.weaver.bcel.BcelClassWeaver.match(BcelClassWeaver.java:3311)
	at org.aspectj.weaver.bcel.BcelClassWeaver.match(BcelClassWeaver.java:2692)
	at org.aspectj.weaver.bcel.BcelClassWeaver.weave(BcelClassWeaver.java:480)
	at org.aspectj.weaver.bcel.BcelClassWeaver.weave(BcelClassWeaver.java:100)
	at org.aspectj.weaver.bcel.BcelWeaver.weave(BcelWeaver.java:1700)
	at org.aspectj.weaver.bcel.BcelWeaver.weaveWithoutDump(BcelWeaver.java:1644)
	at org.aspectj.weaver.bcel.BcelWeaver.weaveAndNotify(BcelWeaver.java:1409)
	at org.aspectj.weaver.bcel.BcelWeaver.weave(BcelWeaver.java:1191)
	at org.aspectj.weaver.tools.WeavingAdaptor.getWovenBytes(WeavingAdaptor.java:527)
	at org.aspectj.weaver.tools.WeavingAdaptor.weaveClass(WeavingAdaptor.java:363)
	at org.aspectj.weaver.loadtime.Aj.preProcess(Aj.java:121)
	at org.aspectj.weaver.loadtime.ClassPreProcessorAgentAdapter.transform(ClassPreProcessorAgentAdapter.java:54)
	at java.instrument/java.lang.instrument.ClassFileTransformer.transform(ClassFileTransformer.java:244)
	at java.instrument/sun.instrument.TransformerManager.transform(TransformerManager.java:188)
	at java.instrument/sun.instrument.InstrumentationImpl.transform(InstrumentationImpl.java:565)
	at java.base/java.lang.ClassLoader.defineClass1(Native Method)
	at java.base/java.lang.ClassLoader.defineClass(ClassLoader.java:1010)
	at java.base/java.security.SecureClassLoader.defineClass(SecureClassLoader.java:150)
	at java.base/jdk.internal.loader.BuiltinClassLoader.defineClass(BuiltinClassLoader.java:855)
	at java.base/jdk.internal.loader.BuiltinClassLoader.findClassOnClassPathOrNull(BuiltinClassLoader.java:753)
	at java.base/jdk.internal.loader.BuiltinClassLoader.loadClassOrNull(BuiltinClassLoader.java:676)
	at java.base/jdk.internal.loader.BuiltinClassLoader.loadClass(BuiltinClassLoader.java:634)
	at java.base/jdk.internal.loader.ClassLoaders$AppClassLoader.loadClass(ClassLoaders.java:182)
	at java.base/java.lang.ClassLoader.loadClass(ClassLoader.java:519)
	at org.apache.maven.surefire.report.SmartStackTraceParser.getString(SmartStackTraceParser.java:98)
	at org.apache.maven.surefire.report.PojoStackTraceWriter.smartTrimmedStackTrace(PojoStackTraceWriter.java:83)
	at org.apache.maven.surefire.booter.ForkingRunListener.encode(ForkingRunListener.java:409)
	at org.apache.maven.surefire.booter.ForkingRunListener.encode(ForkingRunListener.java:393)
	at org.apache.maven.surefire.booter.ForkingRunListener.toString(ForkingRunListener.java:348)
	at org.apache.maven.surefire.booter.ForkingRunListener.testError(ForkingRunListener.java:171)
	at org.apache.maven.surefire.junitplatform.RunListenerAdapter.reportFailedTest(RunListenerAdapter.java:182)
	at org.apache.maven.surefire.junitplatform.RunListenerAdapter.executionFinished(RunListenerAdapter.java:107)
	at org.junit.platform.launcher.core.CompositeTestExecutionListener.lambda$executionFinished$10(CompositeTestExecutionListener.java:69)
	at org.junit.platform.launcher.core.CompositeTestExecutionListener.lambda$notifyEach$19(CompositeTestExecutionListener.java:95)
	at java.base/java.util.ArrayList.forEach(ArrayList.java:1511)
	at org.junit.platform.launcher.core.CompositeTestExecutionListener.notifyEach(CompositeTestExecutionListener.java:93)
	at org.junit.platform.launcher.core.CompositeTestExecutionListener.executionFinished(CompositeTestExecutionListener.java:69)
	at org.junit.platform.launcher.core.ExecutionListenerAdapter.executionFinished(ExecutionListenerAdapter.java:56)
	at org.junit.platform.launcher.core.DelegatingEngineExecutionListener.executionFinished(DelegatingEngineExecutionListener.java:46)
	at org.junit.platform.launcher.core.OutcomeDelayingEngineExecutionListener.executionFinished(OutcomeDelayingEngineExecutionListener.java:63)
	at org.junit.platform.engine.support.hierarchical.NodeTestTask.reportCompletion(NodeTestTask.java:195)
	at org.junit.platform.engine.support.hierarchical.NodeTestTask.execute(NodeTestTask.java:100)
	at java.base/java.util.ArrayList.forEach(ArrayList.java:1511)
	at org.junit.platform.engine.support.hierarchical.SameThreadHierarchicalTestExecutorService.invokeAll(SameThreadHierarchicalTestExecutorService.java:41)
	at org.junit.platform.engine.support.hierarchical.NodeTestTask.lambda$executeRecursively$6(NodeTestTask.java:155)
	at org.junit.platform.engine.support.hierarchical.ThrowableCollector.execute(ThrowableCollector.java:73)
	at org.junit.platform.engine.support.hierarchical.NodeTestTask.lambda$executeRecursively$8(NodeTestTask.java:141)
	at org.junit.platform.engine.support.hierarchical.Node.around(Node.java:137)
	at org.junit.platform.engine.support.hierarchical.NodeTestTask.lambda$executeRecursively$9(NodeTestTask.java:139)
	at org.junit.platform.engine.support.hierarchical.ThrowableCollector.execute(ThrowableCollector.java:73)
	at org.junit.platform.engine.support.hierarchical.NodeTestTask.executeRecursively(NodeTestTask.java:138)
	at org.junit.platform.engine.support.hierarchical.NodeTestTask.execute(NodeTestTask.java:95)
	at java.base/java.util.ArrayList.forEach(ArrayList.java:1511)
	at org.junit.platform.engine.support.hierarchical.SameThreadHierarchicalTestExecutorService.invokeAll(SameThreadHierarchicalTestExecutorService.java:41)
	at org.junit.platform.engine.support.hierarchical.NodeTestTask.lambda$executeRecursively$6(NodeTestTask.java:155)
	at org.junit.platform.engine.support.hierarchical.ThrowableCollector.execute(ThrowableCollector.java:73)
	at org.junit.platform.engine.support.hierarchical.NodeTestTask.lambda$executeRecursively$8(NodeTestTask.java:141)
	at org.junit.platform.engine.support.hierarchical.Node.around(Node.java:137)
	at org.junit.platform.engine.support.hierarchical.NodeTestTask.lambda$executeRecursively$9(NodeTestTask.java:139)
	at org.junit.platform.engine.support.hierarchical.ThrowableCollector.execute(ThrowableCollector.java:73)
	at org.junit.platform.engine.support.hierarchical.NodeTestTask.executeRecursively(NodeTestTask.java:138)
	at org.junit.platform.engine.support.hierarchical.NodeTestTask.execute(NodeTestTask.java:95)
	at org.junit.platform.engine.support.hierarchical.SameThreadHierarchicalTestExecutorService.submit(SameThreadHierarchicalTestExecutorService.java:35)
	at org.junit.platform.engine.support.hierarchical.HierarchicalTestExecutor.execute(HierarchicalTestExecutor.java:57)
	at org.junit.platform.engine.support.hierarchical.HierarchicalTestEngine.execute(HierarchicalTestEngine.java:54)
	at org.junit.platform.launcher.core.EngineExecutionOrchestrator.execute(EngineExecutionOrchestrator.java:107)
	at org.junit.platform.launcher.core.EngineExecutionOrchestrator.execute(EngineExecutionOrchestrator.java:88)
	at org.junit.platform.launcher.core.EngineExecutionOrchestrator.lambda$execute$0(EngineExecutionOrchestrator.java:54)
	at org.junit.platform.launcher.core.EngineExecutionOrchestrator.withInterceptedStreams(EngineExecutionOrchestrator.java:67)
	at org.junit.platform.launcher.core.EngineExecutionOrchestrator.execute(EngineExecutionOrchestrator.java:52)
	at org.junit.platform.launcher.core.DefaultLauncher.execute(DefaultLauncher.java:114)
	at org.junit.platform.launcher.core.DefaultLauncher.execute(DefaultLauncher.java:86)
	at org.junit.platform.launcher.core.DefaultLauncherSession$DelegatingLauncher.execute(DefaultLauncherSession.java:86)
	at org.junit.platform.launcher.core.SessionPerRequestLauncher.execute(SessionPerRequestLauncher.java:53)
	at org.apache.maven.surefire.junitplatform.JUnitPlatformProvider.invokeAllTests(JUnitPlatformProvider.java:150)
	at org.apache.maven.surefire.junitplatform.JUnitPlatformProvider.invoke(JUnitPlatformProvider.java:124)
	at org.apache.maven.surefire.booter.ForkedBooter.invokeProviderInSameClassLoader(ForkedBooter.java:384)
	at org.apache.maven.surefire.booter.ForkedBooter.runSuitesInProcess(ForkedBooter.java:345)
	at org.apache.maven.surefire.booter.ForkedBooter.execute(ForkedBooter.java:126)
	at org.apache.maven.surefire.booter.ForkedBooter.main(ForkedBooter.java:418)
21:07:12.283 [main] ERROR org.aspectj.weaver.bcel.BcelWorld - Unable to find class 'org.apache.maven.surefire.javax.annotation.Nonnull' in repository
java.lang.ClassNotFoundException: org.apache.maven.surefire.javax.annotation.Nonnull not found - unable to determine URL
	at org.aspectj.apache.bcel.util.ClassLoaderRepository.loadClass(ClassLoaderRepository.java:292)
	at org.aspectj.weaver.bcel.BcelWorld.lookupJavaClass(BcelWorld.java:418)
	at org.aspectj.weaver.bcel.BcelWorld.resolveDelegate(BcelWorld.java:392)
	at org.aspectj.weaver.ltw.LTWWorld.resolveDelegate(LTWWorld.java:107)
	at org.aspectj.weaver.World.resolveToReferenceType(World.java:478)
	at org.aspectj.weaver.World.resolve(World.java:319)
	at org.aspectj.weaver.World.resolve(World.java:229)
	at org.aspectj.weaver.UnresolvedType.resolve(UnresolvedType.java:615)
	at org.aspectj.weaver.bcel.BcelAnnotation.<init>(BcelAnnotation.java:38)
	at org.aspectj.weaver.bcel.BcelMethod.ensureAnnotationsRetrieved(BcelMethod.java:470)
	at org.aspectj.weaver.bcel.BcelMethod.hasAnnotation(BcelMethod.java:333)
	at org.aspectj.weaver.patterns.ExactAnnotationTypePattern.matches(ExactAnnotationTypePattern.java:109)
	at org.aspectj.weaver.patterns.ExactAnnotationTypePattern.matches(ExactAnnotationTypePattern.java:96)
	at org.aspectj.weaver.patterns.AnnotationPointcut.matchInternal(AnnotationPointcut.java:156)
	at org.aspectj.weaver.patterns.Pointcut.match(Pointcut.java:137)
	at org.aspectj.weaver.patterns.AndPointcut.matchInternal(AndPointcut.java:60)
	at org.aspectj.weaver.patterns.Pointcut.match(Pointcut.java:137)
	at org.aspectj.weaver.patterns.AndPointcut.matchInternal(AndPointcut.java:56)
	at org.aspectj.weaver.patterns.Pointcut.match(Pointcut.java:137)
	at org.aspectj.weaver.ShadowMunger.match(ShadowMunger.java:113)
	at org.aspectj.weaver.Advice.match(Advice.java:109)
	at org.aspectj.weaver.bcel.BcelAdvice.match(BcelAdvice.java:148)
	at org.aspectj.weaver.bcel.BcelClassWeaver.match(BcelClassWeaver.java:3311)
	at org.aspectj.weaver.bcel.BcelClassWeaver.match(BcelClassWeaver.java:2692)
	at org.aspectj.weaver.bcel.BcelClassWeaver.weave(BcelClassWeaver.java:480)
	at org.aspectj.weaver.bcel.BcelClassWeaver.weave(BcelClassWeaver.java:100)
	at org.aspectj.weaver.bcel.BcelWeaver.weave(BcelWeaver.java:1700)
	at org.aspectj.weaver.bcel.BcelWeaver.weaveWithoutDump(BcelWeaver.java:1644)
	at org.aspectj.weaver.bcel.BcelWeaver.weaveAndNotify(BcelWeaver.java:1409)
	at org.aspectj.weaver.bcel.BcelWeaver.weave(BcelWeaver.java:1191)
	at org.aspectj.weaver.tools.WeavingAdaptor.getWovenBytes(WeavingAdaptor.java:527)
	at org.aspectj.weaver.tools.WeavingAdaptor.weaveClass(WeavingAdaptor.java:363)
	at org.aspectj.weaver.loadtime.Aj.preProcess(Aj.java:121)
	at org.aspectj.weaver.loadtime.ClassPreProcessorAgentAdapter.transform(ClassPreProcessorAgentAdapter.java:54)
	at java.instrument/java.lang.instrument.ClassFileTransformer.transform(ClassFileTransformer.java:244)
	at java.instrument/sun.instrument.TransformerManager.transform(TransformerManager.java:188)
	at java.instrument/sun.instrument.InstrumentationImpl.transform(InstrumentationImpl.java:565)
	at java.base/java.lang.ClassLoader.defineClass1(Native Method)
	at java.base/java.lang.ClassLoader.defineClass(ClassLoader.java:1010)
	at java.base/java.security.SecureClassLoader.defineClass(SecureClassLoader.java:150)
	at java.base/jdk.internal.loader.BuiltinClassLoader.defineClass(BuiltinClassLoader.java:855)
	at java.base/jdk.internal.loader.BuiltinClassLoader.findClassOnClassPathOrNull(BuiltinClassLoader.java:753)
	at java.base/jdk.internal.loader.BuiltinClassLoader.loadClassOrNull(BuiltinClassLoader.java:676)
	at java.base/jdk.internal.loader.BuiltinClassLoader.loadClass(BuiltinClassLoader.java:634)
	at java.base/jdk.internal.loader.ClassLoaders$AppClassLoader.loadClass(ClassLoaders.java:182)
	at java.base/java.lang.ClassLoader.loadClass(ClassLoader.java:519)
	at org.apache.maven.surefire.report.SmartStackTraceParser.getString(SmartStackTraceParser.java:98)
	at org.apache.maven.surefire.report.PojoStackTraceWriter.smartTrimmedStackTrace(PojoStackTraceWriter.java:83)
	at org.apache.maven.surefire.booter.ForkingRunListener.encode(ForkingRunListener.java:409)
	at org.apache.maven.surefire.booter.ForkingRunListener.encode(ForkingRunListener.java:393)
	at org.apache.maven.surefire.booter.ForkingRunListener.toString(ForkingRunListener.java:348)
	at org.apache.maven.surefire.booter.ForkingRunListener.testError(ForkingRunListener.java:171)
	at org.apache.maven.surefire.junitplatform.RunListenerAdapter.reportFailedTest(RunListenerAdapter.java:182)
	at org.apache.maven.surefire.junitplatform.RunListenerAdapter.executionFinished(RunListenerAdapter.java:107)
	at org.junit.platform.launcher.core.CompositeTestExecutionListener.lambda$executionFinished$10(CompositeTestExecutionListener.java:69)
	at org.junit.platform.launcher.core.CompositeTestExecutionListener.lambda$notifyEach$19(CompositeTestExecutionListener.java:95)
	at java.base/java.util.ArrayList.forEach(ArrayList.java:1511)
	at org.junit.platform.launcher.core.CompositeTestExecutionListener.notifyEach(CompositeTestExecutionListener.java:93)
	at org.junit.platform.launcher.core.CompositeTestExecutionListener.executionFinished(CompositeTestExecutionListener.java:69)
	at org.junit.platform.launcher.core.ExecutionListenerAdapter.executionFinished(ExecutionListenerAdapter.java:56)
	at org.junit.platform.launcher.core.DelegatingEngineExecutionListener.executionFinished(DelegatingEngineExecutionListener.java:46)
	at org.junit.platform.launcher.core.OutcomeDelayingEngineExecutionListener.executionFinished(OutcomeDelayingEngineExecutionListener.java:63)
	at org.junit.platform.engine.support.hierarchical.NodeTestTask.reportCompletion(NodeTestTask.java:195)
	at org.junit.platform.engine.support.hierarchical.NodeTestTask.execute(NodeTestTask.java:100)
	at java.base/java.util.ArrayList.forEach(ArrayList.java:1511)
	at org.junit.platform.engine.support.hierarchical.SameThreadHierarchicalTestExecutorService.invokeAll(SameThreadHierarchicalTestExecutorService.java:41)
	at org.junit.platform.engine.support.hierarchical.NodeTestTask.lambda$executeRecursively$6(NodeTestTask.java:155)
	at org.junit.platform.engine.support.hierarchical.ThrowableCollector.execute(ThrowableCollector.java:73)
	at org.junit.platform.engine.support.hierarchical.NodeTestTask.lambda$executeRecursively$8(NodeTestTask.java:141)
	at org.junit.platform.engine.support.hierarchical.Node.around(Node.java:137)
	at org.junit.platform.engine.support.hierarchical.NodeTestTask.lambda$executeRecursively$9(NodeTestTask.java:139)
	at org.junit.platform.engine.support.hierarchical.ThrowableCollector.execute(ThrowableCollector.java:73)
	at org.junit.platform.engine.support.hierarchical.NodeTestTask.executeRecursively(NodeTestTask.java:138)
	at org.junit.platform.engine.support.hierarchical.NodeTestTask.execute(NodeTestTask.java:95)
	at java.base/java.util.ArrayList.forEach(ArrayList.java:1511)
	at org.junit.platform.engine.support.hierarchical.SameThreadHierarchicalTestExecutorService.invokeAll(SameThreadHierarchicalTestExecutorService.java:41)
	at org.junit.platform.engine.support.hierarchical.NodeTestTask.lambda$executeRecursively$6(NodeTestTask.java:155)
	at org.junit.platform.engine.support.hierarchical.ThrowableCollector.execute(ThrowableCollector.java:73)
	at org.junit.platform.engine.support.hierarchical.NodeTestTask.lambda$executeRecursively$8(NodeTestTask.java:141)
	at org.junit.platform.engine.support.hierarchical.Node.around(Node.java:137)
	at org.junit.platform.engine.support.hierarchical.NodeTestTask.lambda$executeRecursively$9(NodeTestTask.java:139)
	at org.junit.platform.engine.support.hierarchical.ThrowableCollector.execute(ThrowableCollector.java:73)
	at org.junit.platform.engine.support.hierarchical.NodeTestTask.executeRecursively(NodeTestTask.java:138)
	at org.junit.platform.engine.support.hierarchical.NodeTestTask.execute(NodeTestTask.java:95)
	at org.junit.platform.engine.support.hierarchical.SameThreadHierarchicalTestExecutorService.submit(SameThreadHierarchicalTestExecutorService.java:35)
	at org.junit.platform.engine.support.hierarchical.HierarchicalTestExecutor.execute(HierarchicalTestExecutor.java:57)
	at org.junit.platform.engine.support.hierarchical.HierarchicalTestEngine.execute(HierarchicalTestEngine.java:54)
	at org.junit.platform.launcher.core.EngineExecutionOrchestrator.execute(EngineExecutionOrchestrator.java:107)
	at org.junit.platform.launcher.core.EngineExecutionOrchestrator.execute(EngineExecutionOrchestrator.java:88)
	at org.junit.platform.launcher.core.EngineExecutionOrchestrator.lambda$execute$0(EngineExecutionOrchestrator.java:54)
	at org.junit.platform.launcher.core.EngineExecutionOrchestrator.withInterceptedStreams(EngineExecutionOrchestrator.java:67)
	at org.junit.platform.launcher.core.EngineExecutionOrchestrator.execute(EngineExecutionOrchestrator.java:52)
	at org.junit.platform.launcher.core.DefaultLauncher.execute(DefaultLauncher.java:114)
	at org.junit.platform.launcher.core.DefaultLauncher.execute(DefaultLauncher.java:86)
	at org.junit.platform.launcher.core.DefaultLauncherSession$DelegatingLauncher.execute(DefaultLauncherSession.java:86)
	at org.junit.platform.launcher.core.SessionPerRequestLauncher.execute(SessionPerRequestLauncher.java:53)
	at org.apache.maven.surefire.junitplatform.JUnitPlatformProvider.invokeAllTests(JUnitPlatformProvider.java:150)
	at org.apache.maven.surefire.junitplatform.JUnitPlatformProvider.invoke(JUnitPlatformProvider.java:124)
	at org.apache.maven.surefire.booter.ForkedBooter.invokeProviderInSameClassLoader(ForkedBooter.java:384)
	at org.apache.maven.surefire.booter.ForkedBooter.runSuitesInProcess(ForkedBooter.java:345)
	at org.apache.maven.surefire.booter.ForkedBooter.execute(ForkedBooter.java:126)
	at org.apache.maven.surefire.booter.ForkedBooter.main(ForkedBooter.java:418)
21:07:12.285 [main] ERROR org.aspectj.weaver.bcel.BcelWorld - Unable to find class 'org.apache.maven.surefire.javax.annotation.Nonnull' in repository
java.lang.ClassNotFoundException: org.apache.maven.surefire.javax.annotation.Nonnull not found - unable to determine URL
	at org.aspectj.apache.bcel.util.ClassLoaderRepository.loadClass(ClassLoaderRepository.java:292)
	at org.aspectj.weaver.bcel.BcelWorld.lookupJavaClass(BcelWorld.java:418)
	at org.aspectj.weaver.bcel.BcelWorld.resolveDelegate(BcelWorld.java:392)
	at org.aspectj.weaver.ltw.LTWWorld.resolveDelegate(LTWWorld.java:107)
	at org.aspectj.weaver.World.resolveToReferenceType(World.java:478)
	at org.aspectj.weaver.World.resolve(World.java:319)
	at org.aspectj.weaver.World.resolve(World.java:229)
	at org.aspectj.weaver.UnresolvedType.resolve(UnresolvedType.java:615)
	at org.aspectj.weaver.bcel.BcelAnnotation.<init>(BcelAnnotation.java:38)
	at org.aspectj.weaver.bcel.BcelMethod.ensureAnnotationsRetrieved(BcelMethod.java:470)
	at org.aspectj.weaver.bcel.BcelMethod.hasAnnotation(BcelMethod.java:333)
	at org.aspectj.weaver.patterns.ExactAnnotationTypePattern.matches(ExactAnnotationTypePattern.java:109)
	at org.aspectj.weaver.patterns.ExactAnnotationTypePattern.matches(ExactAnnotationTypePattern.java:96)
	at org.aspectj.weaver.patterns.AnnotationPointcut.matchInternal(AnnotationPointcut.java:156)
	at org.aspectj.weaver.patterns.Pointcut.match(Pointcut.java:137)
	at org.aspectj.weaver.patterns.AndPointcut.matchInternal(AndPointcut.java:60)
	at org.aspectj.weaver.patterns.Pointcut.match(Pointcut.java:137)
	at org.aspectj.weaver.patterns.AndPointcut.matchInternal(AndPointcut.java:56)
	at org.aspectj.weaver.patterns.Pointcut.match(Pointcut.java:137)
	at org.aspectj.weaver.ShadowMunger.match(ShadowMunger.java:113)
	at org.aspectj.weaver.Advice.match(Advice.java:109)
	at org.aspectj.weaver.bcel.BcelAdvice.match(BcelAdvice.java:148)
	at org.aspectj.weaver.bcel.BcelClassWeaver.match(BcelClassWeaver.java:3311)
	at org.aspectj.weaver.bcel.BcelClassWeaver.match(BcelClassWeaver.java:2692)
	at org.aspectj.weaver.bcel.BcelClassWeaver.weave(BcelClassWeaver.java:480)
	at org.aspectj.weaver.bcel.BcelClassWeaver.weave(BcelClassWeaver.java:100)
	at org.aspectj.weaver.bcel.BcelWeaver.weave(BcelWeaver.java:1700)
	at org.aspectj.weaver.bcel.BcelWeaver.weaveWithoutDump(BcelWeaver.java:1644)
	at org.aspectj.weaver.bcel.BcelWeaver.weaveAndNotify(BcelWeaver.java:1409)
	at org.aspectj.weaver.bcel.BcelWeaver.weave(BcelWeaver.java:1191)
	at org.aspectj.weaver.tools.WeavingAdaptor.getWovenBytes(WeavingAdaptor.java:527)
	at org.aspectj.weaver.tools.WeavingAdaptor.weaveClass(WeavingAdaptor.java:363)
	at org.aspectj.weaver.loadtime.Aj.preProcess(Aj.java:121)
	at org.aspectj.weaver.loadtime.ClassPreProcessorAgentAdapter.transform(ClassPreProcessorAgentAdapter.java:54)
	at java.instrument/java.lang.instrument.ClassFileTransformer.transform(ClassFileTransformer.java:244)
	at java.instrument/sun.instrument.TransformerManager.transform(TransformerManager.java:188)
	at java.instrument/sun.instrument.InstrumentationImpl.transform(InstrumentationImpl.java:565)
	at java.base/java.lang.ClassLoader.defineClass1(Native Method)
	at java.base/java.lang.ClassLoader.defineClass(ClassLoader.java:1010)
	at java.base/java.security.SecureClassLoader.defineClass(SecureClassLoader.java:150)
	at java.base/jdk.internal.loader.BuiltinClassLoader.defineClass(BuiltinClassLoader.java:855)
	at java.base/jdk.internal.loader.BuiltinClassLoader.findClassOnClassPathOrNull(BuiltinClassLoader.java:753)
	at java.base/jdk.internal.loader.BuiltinClassLoader.loadClassOrNull(BuiltinClassLoader.java:676)
	at java.base/jdk.internal.loader.BuiltinClassLoader.loadClass(BuiltinClassLoader.java:634)
	at java.base/jdk.internal.loader.ClassLoaders$AppClassLoader.loadClass(ClassLoaders.java:182)
	at java.base/java.lang.ClassLoader.loadClass(ClassLoader.java:519)
	at org.apache.maven.surefire.report.SmartStackTraceParser.getString(SmartStackTraceParser.java:98)
	at org.apache.maven.surefire.report.PojoStackTraceWriter.smartTrimmedStackTrace(PojoStackTraceWriter.java:83)
	at org.apache.maven.surefire.booter.ForkingRunListener.encode(ForkingRunListener.java:409)
	at org.apache.maven.surefire.booter.ForkingRunListener.encode(ForkingRunListener.java:393)
	at org.apache.maven.surefire.booter.ForkingRunListener.toString(ForkingRunListener.java:348)
	at org.apache.maven.surefire.booter.ForkingRunListener.testError(ForkingRunListener.java:171)
	at org.apache.maven.surefire.junitplatform.RunListenerAdapter.reportFailedTest(RunListenerAdapter.java:182)
	at org.apache.maven.surefire.junitplatform.RunListenerAdapter.executionFinished(RunListenerAdapter.java:107)
	at org.junit.platform.launcher.core.CompositeTestExecutionListener.lambda$executionFinished$10(CompositeTestExecutionListener.java:69)
	at org.junit.platform.launcher.core.CompositeTestExecutionListener.lambda$notifyEach$19(CompositeTestExecutionListener.java:95)
	at java.base/java.util.ArrayList.forEach(ArrayList.java:1511)
	at org.junit.platform.launcher.core.CompositeTestExecutionListener.notifyEach(CompositeTestExecutionListener.java:93)
	at org.junit.platform.launcher.core.CompositeTestExecutionListener.executionFinished(CompositeTestExecutionListener.java:69)
	at org.junit.platform.launcher.core.ExecutionListenerAdapter.executionFinished(ExecutionListenerAdapter.java:56)
	at org.junit.platform.launcher.core.DelegatingEngineExecutionListener.executionFinished(DelegatingEngineExecutionListener.java:46)
	at org.junit.platform.launcher.core.OutcomeDelayingEngineExecutionListener.executionFinished(OutcomeDelayingEngineExecutionListener.java:63)
	at org.junit.platform.engine.support.hierarchical.NodeTestTask.reportCompletion(NodeTestTask.java:195)
	at org.junit.platform.engine.support.hierarchical.NodeTestTask.execute(NodeTestTask.java:100)
	at java.base/java.util.ArrayList.forEach(ArrayList.java:1511)
	at org.junit.platform.engine.support.hierarchical.SameThreadHierarchicalTestExecutorService.invokeAll(SameThreadHierarchicalTestExecutorService.java:41)
	at org.junit.platform.engine.support.hierarchical.NodeTestTask.lambda$executeRecursively$6(NodeTestTask.java:155)
	at org.junit.platform.engine.support.hierarchical.ThrowableCollector.execute(ThrowableCollector.java:73)
	at org.junit.platform.engine.support.hierarchical.NodeTestTask.lambda$executeRecursively$8(NodeTestTask.java:141)
	at org.junit.platform.engine.support.hierarchical.Node.around(Node.java:137)
	at org.junit.platform.engine.support.hierarchical.NodeTestTask.lambda$executeRecursively$9(NodeTestTask.java:139)
	at org.junit.platform.engine.support.hierarchical.ThrowableCollector.execute(ThrowableCollector.java:73)
[...]
	at org.apache.maven.surefire.report.PojoStackTraceWriter.smartTrimmedStackTrace(PojoStackTraceWriter.java:83)
	at org.apache.maven.surefire.booter.ForkingRunListener.encode(ForkingRunListener.java:409)
	at org.apache.maven.surefire.booter.ForkingRunListener.encode(ForkingRunListener.java:393)
	at org.apache.maven.surefire.booter.ForkingRunListener.toString(ForkingRunListener.java:348)
	at org.apache.maven.surefire.booter.ForkingRunListener.testError(ForkingRunListener.java:171)
	at org.apache.maven.surefire.junitplatform.RunListenerAdapter.reportFailedTest(RunListenerAdapter.java:182)
	at org.apache.maven.surefire.junitplatform.RunListenerAdapter.executionFinished(RunListenerAdapter.java:107)
	at org.junit.platform.launcher.core.CompositeTestExecutionListener.lambda$executionFinished$10(CompositeTestExecutionListener.java:69)
	at org.junit.platform.launcher.core.CompositeTestExecutionListener.lambda$notifyEach$19(CompositeTestExecutionListener.java:95)
	at java.base/java.util.ArrayList.forEach(ArrayList.java:1511)
	at org.junit.platform.launcher.core.CompositeTestExecutionListener.notifyEach(CompositeTestExecutionListener.java:93)
	at org.junit.platform.launcher.core.CompositeTestExecutionListener.executionFinished(CompositeTestExecutionListener.java:69)
	at org.junit.platform.launcher.core.ExecutionListenerAdapter.executionFinished(ExecutionListenerAdapter.java:56)
	at org.junit.platform.launcher.core.DelegatingEngineExecutionListener.executionFinished(DelegatingEngineExecutionListener.java:46)
	at org.junit.platform.launcher.core.OutcomeDelayingEngineExecutionListener.executionFinished(OutcomeDelayingEngineExecutionListener.java:63)
	at org.junit.platform.engine.support.hierarchical.NodeTestTask.reportCompletion(NodeTestTask.java:195)
	at org.junit.platform.engine.support.hierarchical.NodeTestTask.execute(NodeTestTask.java:100)
	at java.base/java.util.ArrayList.forEach(ArrayList.java:1511)
	at org.junit.platform.engine.support.hierarchical.SameThreadHierarchicalTestExecutorService.invokeAll(SameThreadHierarchicalTestExecutorService.java:41)
	at org.junit.platform.engine.support.hierarchical.NodeTestTask.lambda$executeRecursively$6(NodeTestTask.java:155)
	at org.junit.platform.engine.support.hierarchical.ThrowableCollector.execute(ThrowableCollector.java:73)
	at org.junit.platform.engine.support.hierarchical.NodeTestTask.lambda$executeRecursively$8(NodeTestTask.java:141)
	at org.junit.platform.engine.support.hierarchical.Node.around(Node.java:137)
	at org.junit.platform.engine.support.hierarchical.NodeTestTask.lambda$executeRecursively$9(NodeTestTask.java:139)
	at org.junit.platform.engine.support.hierarchical.ThrowableCollector.execute(ThrowableCollector.java:73)
	at org.junit.platform.engine.support.hierarchical.NodeTestTask.executeRecursively(NodeTestTask.java:138)
	at org.junit.platform.engine.support.hierarchical.NodeTestTask.execute(NodeTestTask.java:95)
	at java.base/java.util.ArrayList.forEach(ArrayList.java:1511)
	at org.junit.platform.engine.support.hierarchical.SameThreadHierarchicalTestExecutorService.invokeAll(SameThreadHierarchicalTestExecutorService.java:41)
	at org.junit.platform.engine.support.hierarchical.NodeTestTask.lambda$executeRecursively$6(NodeTestTask.java:155)
	at org.junit.platform.engine.support.hierarchical.ThrowableCollector.execute(ThrowableCollector.java:73)
	at org.junit.platform.engine.support.hierarchical.NodeTestTask.lambda$executeRecursively$8(NodeTestTask.java:141)
	at org.junit.platform.engine.support.hierarchical.Node.around(Node.java:137)
	at org.junit.platform.engine.support.hierarchical.NodeTestTask.lambda$executeRecursively$9(NodeTestTask.java:139)
	at org.junit.platform.engine.support.hierarchical.ThrowableCollector.execute(ThrowableCollector.java:73)
	at org.junit.platform.engine.support.hierarchical.NodeTestTask.executeRecursively(NodeTestTask.java:138)
	at org.junit.platform.engine.support.hierarchical.NodeTestTask.execute(NodeTestTask.java:95)
	at org.junit.platform.engine.support.hierarchical.SameThreadHierarchicalTestExecutorService.submit(SameThreadHierarchicalTestExecutorService.java:35)
	at org.junit.platform.engine.support.hierarchical.HierarchicalTestExecutor.execute(HierarchicalTestExecutor.java:57)
	at org.junit.platform.engine.support.hierarchical.HierarchicalTestEngine.execute(HierarchicalTestEngine.java:54)
	at org.junit.platform.launcher.core.EngineExecutionOrchestrator.execute(EngineExecutionOrchestrator.java:107)
	at org.junit.platform.launcher.core.EngineExecutionOrchestrator.execute(EngineExecutionOrchestrator.java:88)
	at org.junit.platform.launcher.core.EngineExecutionOrchestrator.lambda$execute$0(EngineExecutionOrchestrator.java:54)
	at org.junit.platform.launcher.core.EngineExecutionOrchestrator.withInterceptedStreams(EngineExecutionOrchestrator.java:67)
	at org.junit.platform.launcher.core.EngineExecutionOrchestrator.execute(EngineExecutionOrchestrator.java:52)
	at org.junit.platform.launcher.core.DefaultLauncher.execute(DefaultLauncher.java:114)
	at org.junit.platform.launcher.core.DefaultLauncher.execute(DefaultLauncher.java:86)
	at org.junit.platform.launcher.core.DefaultLauncherSession$DelegatingLauncher.execute(DefaultLauncherSession.java:86)
	at org.junit.platform.launcher.core.SessionPerRequestLauncher.execute(SessionPerRequestLauncher.java:53)
	at org.apache.maven.surefire.junitplatform.JUnitPlatformProvider.invokeAllTests(JUnitPlatformProvider.java:150)
	at org.apache.maven.surefire.junitplatform.JUnitPlatformProvider.invoke(JUnitPlatformProvider.java:124)
	at org.apache.maven.surefire.booter.ForkedBooter.invokeProviderInSameClassLoader(ForkedBooter.java:384)
	at org.apache.maven.surefire.booter.ForkedBooter.runSuitesInProcess(ForkedBooter.java:345)
	at org.apache.maven.surefire.booter.ForkedBooter.execute(ForkedBooter.java:126)
	at org.apache.maven.surefire.booter.ForkedBooter.main(ForkedBooter.java:418)
21:07:12.325 [main] ERROR org.aspectj.weaver.bcel.BcelWorld - Unable to find class 'org.apache.maven.surefire.javax.annotation.Nonnull' in repository
java.lang.ClassNotFoundException: org.apache.maven.surefire.javax.annotation.Nonnull not found - unable to determine URL
	at org.aspectj.apache.bcel.util.ClassLoaderRepository.loadClass(ClassLoaderRepository.java:292)
	at org.aspectj.weaver.bcel.BcelWorld.lookupJavaClass(BcelWorld.java:418)
	at org.aspectj.weaver.bcel.BcelWorld.resolveDelegate(BcelWorld.java:392)
	at org.aspectj.weaver.ltw.LTWWorld.resolveDelegate(LTWWorld.java:107)
	at org.aspectj.weaver.World.resolveToReferenceType(World.java:478)
	at org.aspectj.weaver.World.resolve(World.java:319)
	at org.aspectj.weaver.World.resolve(World.java:229)
	at org.aspectj.weaver.UnresolvedType.resolve(UnresolvedType.java:615)
	at org.aspectj.weaver.bcel.BcelAnnotation.<init>(BcelAnnotation.java:38)
	at org.aspectj.weaver.bcel.BcelMethod.ensureAnnotationsRetrieved(BcelMethod.java:470)
	at org.aspectj.weaver.bcel.BcelMethod.hasAnnotation(BcelMethod.java:333)
	at org.aspectj.weaver.patterns.ExactAnnotationTypePattern.matches(ExactAnnotationTypePattern.java:109)
	at org.aspectj.weaver.patterns.ExactAnnotationTypePattern.matches(ExactAnnotationTypePattern.java:96)
	at org.aspectj.weaver.patterns.AnnotationPointcut.matchInternal(AnnotationPointcut.java:156)
	at org.aspectj.weaver.patterns.Pointcut.match(Pointcut.java:137)
	at org.aspectj.weaver.patterns.AndPointcut.matchInternal(AndPointcut.java:60)
	at org.aspectj.weaver.patterns.Pointcut.match(Pointcut.java:137)
	at org.aspectj.weaver.patterns.AndPointcut.matchInternal(AndPointcut.java:56)
	at org.aspectj.weaver.patterns.Pointcut.match(Pointcut.java:137)
	at org.aspectj.weaver.ShadowMunger.match(ShadowMunger.java:113)
	at org.aspectj.weaver.Advice.match(Advice.java:109)
	at org.aspectj.weaver.bcel.BcelAdvice.match(BcelAdvice.java:148)
	at org.aspectj.weaver.bcel.BcelClassWeaver.match(BcelClassWeaver.java:3311)
	at org.aspectj.weaver.bcel.BcelClassWeaver.match(BcelClassWeaver.java:2692)
	at org.aspectj.weaver.bcel.BcelClassWeaver.weave(BcelClassWeaver.java:480)
	at org.aspectj.weaver.bcel.BcelClassWeaver.weave(BcelClassWeaver.java:100)
	at org.aspectj.weaver.bcel.BcelWeaver.weave(BcelWeaver.java:1700)
	at org.aspectj.weaver.bcel.BcelWeaver.weaveWithoutDump(BcelWeaver.java:1644)
	at org.aspectj.weaver.bcel.BcelWeaver.weaveAndNotify(BcelWeaver.java:1409)
	at org.aspectj.weaver.bcel.BcelWeaver.weave(BcelWeaver.java:1191)
	at org.aspectj.weaver.tools.WeavingAdaptor.getWovenBytes(WeavingAdaptor.java:527)
	at org.aspectj.weaver.tools.WeavingAdaptor.weaveClass(WeavingAdaptor.java:363)
	at org.aspectj.weaver.loadtime.Aj.preProcess(Aj.java:121)
	at org.aspectj.weaver.loadtime.ClassPreProcessorAgentAdapter.transform(ClassPreProcessorAgentAdapter.java:54)
	at java.instrument/java.lang.instrument.ClassFileTransformer.transform(ClassFileTransformer.java:244)
	at java.instrument/sun.instrument.TransformerManager.transform(TransformerManager.java:188)
	at java.instrument/sun.instrument.InstrumentationImpl.transform(InstrumentationImpl.java:565)
	at java.base/java.lang.ClassLoader.defineClass1(Native Method)
	at java.base/java.lang.ClassLoader.defineClass(ClassLoader.java:1010)
	at java.base/java.security.SecureClassLoader.defineClass(SecureClassLoader.java:150)
	at java.base/jdk.internal.loader.BuiltinClassLoader.defineClass(BuiltinClassLoader.java:855)
	at java.base/jdk.internal.loader.BuiltinClassLoader.findClassOnClassPathOrNull(BuiltinClassLoader.java:753)
	at java.base/jdk.internal.loader.BuiltinClassLoader.loadClassOrNull(BuiltinClassLoader.java:676)
	at java.base/jdk.internal.loader.BuiltinClassLoader.loadClass(BuiltinClassLoader.java:634)
	at java.base/jdk.internal.loader.ClassLoaders$AppClassLoader.loadClass(ClassLoaders.java:182)
	at java.base/java.lang.ClassLoader.loadClass(ClassLoader.java:519)
	at org.apache.maven.surefire.report.SmartStackTraceParser.getString(SmartStackTraceParser.java:98)
	at org.apache.maven.surefire.report.PojoStackTraceWriter.smartTrimmedStackTrace(PojoStackTraceWriter.java:83)
	at org.apache.maven.surefire.booter.ForkingRunListener.encode(ForkingRunListener.java:409)
	at org.apache.maven.surefire.booter.ForkingRunListener.encode(ForkingRunListener.java:393)
	at org.apache.maven.surefire.booter.ForkingRunListener.toString(ForkingRunListener.java:348)
	at org.apache.maven.surefire.booter.ForkingRunListener.testError(ForkingRunListener.java:171)
	at org.apache.maven.surefire.junitplatform.RunListenerAdapter.reportFailedTest(RunListenerAdapter.java:182)
	at org.apache.maven.surefire.junitplatform.RunListenerAdapter.executionFinished(RunListenerAdapter.java:107)
	at org.junit.platform.launcher.core.CompositeTestExecutionListener.lambda$executionFinished$10(CompositeTestExecutionListener.java:69)
	at org.junit.platform.launcher.core.CompositeTestExecutionListener.lambda$notifyEach$19(CompositeTestExecutionListener.java:95)
	at java.base/java.util.ArrayList.forEach(ArrayList.java:1511)
	at org.junit.platform.launcher.core.CompositeTestExecutionListener.notifyEach(CompositeTestExecutionListener.java:93)
	at org.junit.platform.launcher.core.CompositeTestExecutionListener.executionFinished(CompositeTestExecutionListener.java:69)
	at org.junit.platform.launcher.core.ExecutionListenerAdapter.executionFinished(ExecutionListenerAdapter.java:56)
	at org.junit.platform.launcher.core.DelegatingEngineExecutionListener.executionFinished(DelegatingEngineExecutionListener.java:46)
	at org.junit.platform.launcher.core.OutcomeDelayingEngineExecutionListener.executionFinished(OutcomeDelayingEngineExecutionListener.java:63)
	at org.junit.platform.engine.support.hierarchical.NodeTestTask.reportCompletion(NodeTestTask.java:195)
	at org.junit.platform.engine.support.hierarchical.NodeTestTask.execute(NodeTestTask.java:100)
	at java.base/java.util.ArrayList.forEach(ArrayList.java:1511)
	at org.junit.platform.engine.support.hierarchical.SameThreadHierarchicalTestExecutorService.invokeAll(SameThreadHierarchicalTestExecutorService.java:41)
	at org.junit.platform.engine.support.hierarchical.NodeTestTask.lambda$executeRecursively$6(NodeTestTask.java:155)
	at org.junit.platform.engine.support.hierarchical.ThrowableCollector.execute(ThrowableCollector.java:73)
	at org.junit.platform.engine.support.hierarchical.NodeTestTask.lambda$executeRecursively$8(NodeTestTask.java:141)
	at org.junit.platform.engine.support.hierarchical.Node.around(Node.java:137)
	at org.junit.platform.engine.support.hierarchical.NodeTestTask.lambda$executeRecursively$9(NodeTestTask.java:139)
	at org.junit.platform.engine.support.hierarchical.ThrowableCollector.execute(ThrowableCollector.java:73)
	at org.junit.platform.engine.support.hierarchical.NodeTestTask.executeRecursively(NodeTestTask.java:138)
	at org.junit.platform.engine.support.hierarchical.NodeTestTask.execute(NodeTestTask.java:95)
	at java.base/java.util.ArrayList.forEach(ArrayList.java:1511)
	at org.junit.platform.engine.support.hierarchical.SameThreadHierarchicalTestExecutorService.invokeAll(SameThreadHierarchicalTestExecutorService.java:41)
	at org.junit.platform.engine.support.hierarchical.NodeTestTask.lambda$executeRecursively$6(NodeTestTask.java:155)
	at org.junit.platform.engine.support.hierarchical.ThrowableCollector.execute(ThrowableCollector.java:73)
	at org.junit.platform.engine.support.hierarchical.NodeTestTask.lambda$executeRecursively$8(NodeTestTask.java:141)
	at org.junit.platform.engine.support.hierarchical.Node.around(Node.java:137)
	at org.junit.platform.engine.support.hierarchical.NodeTestTask.lambda$executeRecursively$9(NodeTestTask.java:139)
	at org.junit.platform.engine.support.hierarchical.ThrowableCollector.execute(ThrowableCollector.java:73)
	at org.junit.platform.engine.support.hierarchical.NodeTestTask.executeRecursively(NodeTestTask.java:138)
	at org.junit.platform.engine.support.hierarchical.NodeTestTask.execute(NodeTestTask.java:95)
	at org.junit.platform.engine.support.hierarchical.SameThreadHierarchicalTestExecutorService.submit(SameThreadHierarchicalTestExecutorService.java:35)
	at org.junit.platform.engine.support.hierarchical.HierarchicalTestExecutor.execute(HierarchicalTestExecutor.java:57)
	at org.junit.platform.engine.support.hierarchical.HierarchicalTestEngine.execute(HierarchicalTestEngine.java:54)
	at org.junit.platform.launcher.core.EngineExecutionOrchestrator.execute(EngineExecutionOrchestrator.java:107)
	at org.junit.platform.launcher.core.EngineExecutionOrchestrator.execute(EngineExecutionOrchestrator.java:88)
	at org.junit.platform.launcher.core.EngineExecutionOrchestrator.lambda$execute$0(EngineExecutionOrchestrator.java:54)
	at org.junit.platform.launcher.core.EngineExecutionOrchestrator.withInterceptedStreams(EngineExecutionOrchestrator.java:67)
	at org.junit.platform.launcher.core.EngineExecutionOrchestrator.execute(EngineExecutionOrchestrator.java:52)
	at org.junit.platform.launcher.core.DefaultLauncher.execute(DefaultLauncher.java:114)
	at org.junit.platform.launcher.core.DefaultLauncher.execute(DefaultLauncher.java:86)
	at org.junit.platform.launcher.core.DefaultLauncherSession$DelegatingLauncher.execute(DefaultLauncherSession.java:86)
	at org.junit.platform.launcher.core.SessionPerRequestLauncher.execute(SessionPerRequestLauncher.java:53)
	at org.apache.maven.surefire.junitplatform.JUnitPlatformProvider.invokeAllTests(JUnitPlatformProvider.java:150)
	at org.apache.maven.surefire.junitplatform.JUnitPlatformProvider.invoke(JUnitPlatformProvider.java:124)
	at org.apache.maven.surefire.booter.ForkedBooter.invokeProviderInSameClassLoader(ForkedBooter.java:384)
	at org.apache.maven.surefire.booter.ForkedBooter.runSuitesInProcess(ForkedBooter.java:345)
	at org.apache.maven.surefire.booter.ForkedBooter.execute(ForkedBooter.java:126)
	at org.apache.maven.surefire.booter.ForkedBooter.main(ForkedBooter.java:418)
21:07:12.325 [main] DEBUG org.aspectj.weaver.bcel.BcelWeaver - 21:07:12.325 main < o.a.w.b.BcelWeaver.weaveAndNotify
21:07:12.325 [main] DEBUG org.aspectj.weaver.bcel.BcelWeaver - 21:07:12.325 main < o.a.w.b.BcelWeaver.weave java.util.ArrayList(1)
21:07:12.325 [main] DEBUG org.aspectj.weaver.tools.WeavingAdaptor - 21:07:12.325 main < o.a.w.t.WeavingAdaptor.weaveClass byte[22852]
21:07:12.325 [main] DEBUG org.aspectj.weaver.Dump - 21:07:12.325 main > o.a.w.Dump.dumpOnExit o.a.w.t.WeavingAdaptor$WeavingAdaptorMessageHolder@3911c2a7
21:07:12.325 [main] DEBUG org.aspectj.weaver.Dump - 21:07:12.325 main > o.a.w.Dump.shouldDumpOnExit o.a.w.t.WeavingAdaptor$WeavingAdaptorMessageHolder@3911c2a7
21:07:12.325 [main] DEBUG org.aspectj.weaver.Dump - 21:07:12.325 main - o.a.w.Dump.shouldDumpOnExit abort
21:07:12.325 [main] DEBUG org.aspectj.weaver.Dump - 21:07:12.325 main < o.a.w.Dump.shouldDumpOnExit false
21:07:12.325 [main] DEBUG org.aspectj.weaver.Dump - 21:07:12.325 main < o.a.w.Dump.dumpOnExit Excluded
21:07:12.325 [main] DEBUG org.aspectj.weaver.loadtime.Aj - 21:07:12.325 main < o.a.w.l.Aj.preProcess byte[22852]
21:07:12.327 [main] DEBUG org.aspectj.weaver.loadtime.Aj - 21:07:12.327 main > o.a.w.l.Aj.preProcess o.a.w.l.Aj@6fadae5d org/apache/maven/surefire/report/ClassNameStackTraceFilter, byte[832], j.i.l.ClassLoaders$AppClassLoader@1d44bcfa
21:07:12.327 [main] DEBUG org.aspectj.weaver.loadtime.Aj - 21:07:12.327 main - o.a.w.l.Aj.preProcess o.a.w.l.Aj@6fadae5d j.i.l.ClassLoaders$PlatformClassLoader@6bf256fa, j.i.l.ClassLoaders$AppClassLoader@1d44bcfa
21:07:12.327 [main] DEBUG org.aspectj.weaver.tools.WeavingAdaptor - 21:07:12.327 main > o.a.w.t.WeavingAdaptor.weaveClass o.a.w.l.ClassLoaderWeavingAdaptor@3d8c7aca org/apache/maven/surefire/report/ClassNameStackTraceFilter, byte[832]
21:07:12.328 [main] DEBUG org.aspectj.weaver.bcel.BcelWeaver - 21:07:12.328 main > o.a.w.b.BcelWeaver.weave o.a.w.b.BcelWeaver@71bbf57e o.a.w.t.WeavingAdaptor$WeavingClassFileProvider@51efb731
21:07:12.328 [main] DEBUG org.aspectj.weaver.bcel.BcelWeaver - 21:07:12.328 main > o.a.w.b.BcelWeaver.weaveAndNotify o.a.w.b.BcelWeaver@71bbf57e o.a.w.b.UnwovenClassFile@53940e2f, o.a.w.b.BcelObjectType@45e6d1e0, o.a.w.t.WeavingAdaptor$WeavingClassFileProvider$1@61db86bf
21:07:12.328 [main] DEBUG org.aspectj.weaver.bcel.BcelWeaver - 21:07:12.328 main < o.a.w.b.BcelWeaver.weaveAndNotify
21:07:12.328 [main] DEBUG org.aspectj.weaver.bcel.BcelWeaver - 21:07:12.328 main < o.a.w.b.BcelWeaver.weave java.util.ArrayList(1)
21:07:12.328 [main] DEBUG org.aspectj.weaver.tools.WeavingAdaptor - 21:07:12.328 main < o.a.w.t.WeavingAdaptor.weaveClass byte[832]
21:07:12.328 [main] DEBUG org.aspectj.weaver.Dump - 21:07:12.328 main > o.a.w.Dump.dumpOnExit o.a.w.t.WeavingAdaptor$WeavingAdaptorMessageHolder@3911c2a7
21:07:12.328 [main] DEBUG org.aspectj.weaver.Dump - 21:07:12.328 main > o.a.w.Dump.shouldDumpOnExit o.a.w.t.WeavingAdaptor$WeavingAdaptorMessageHolder@3911c2a7
21:07:12.328 [main] DEBUG org.aspectj.weaver.Dump - 21:07:12.328 main - o.a.w.Dump.shouldDumpOnExit abort
21:07:12.328 [main] DEBUG org.aspectj.weaver.Dump - 21:07:12.328 main < o.a.w.Dump.shouldDumpOnExit false
21:07:12.328 [main] DEBUG org.aspectj.weaver.Dump - 21:07:12.328 main < o.a.w.Dump.dumpOnExit Excluded
21:07:12.328 [main] DEBUG org.aspectj.weaver.loadtime.Aj - 21:07:12.328 main < o.a.w.l.Aj.preProcess byte[832]
]]></system-out>
    <system-err><![CDATA[[DelegatingClassLoader@6975fb1c] error at io\qameta\allure\aspects\StepsAspects.java::0 the @annotation pointcut expression is only supported at Java 5 compliance level or above
[DelegatingClassLoader@6975fb1c] error at io\qameta\allure\aspects\AttachmentsAspects.java::0 the @annotation pointcut expression is only supported at Java 5 compliance level or above
[DelegatingClassLoader@2349f14d] error at io\qameta\allure\aspects\StepsAspects.java::0 the @annotation pointcut expression is only supported at Java 5 compliance level or above
[DelegatingClassLoader@2349f14d] error at io\qameta\allure\aspects\AttachmentsAspects.java::0 the @annotation pointcut expression is only supported at Java 5 compliance level or above
]]></system-err>
  </testcase>
</testsuite>