<?xml version="1.0" encoding="UTF-8"?>
<testsuite xmlns:xsi="http://www.w3.org/2001/XMLSchema-instance" xsi:noNamespaceSchemaLocation="https://maven.apache.org/surefire/maven-surefire-plugin/xsd/surefire-test-report.xsd" name="org.example.lesson5.BusinessAgreementCreationTests" time="86.868" tests="6" errors="1" skipped="0" failures="0">
  <properties>
[...]
</properties>
  <testcase name="CreateNewContractTest" classname="org.example.lesson5.BusinessAgreementCreationTests" time="1.791"/>
  <testcase name="CreateNewContactTest" classname="org.example.lesson5.BusinessAgreementCreationTests" time="9.097"/>
  <testcase name="LoginTest" classname="org.example.lesson5.BusinessAgreementCreationTests" time="8.671"/>
  <testcase name="FillInNewContractTest" classname="org.example.lesson5.BusinessAgreementCreationTests" time="16.091">
    <error message="no such element: Unable to locate element: {&quot;method&quot;:&quot;xpath&quot;,&quot;selector&quot;:&quot;//div[text() = &apos;Договор сохранен&apos;]&quot;}&#10;  (Session info: chrome=94.0.4606.81)&#10;For documentation on this error, please visit: https://www.seleniumhq.org/exceptions/no_such_element.html&#10;Build info: version: &apos;3.141.59&apos;, revision: &apos;e82be7d358&apos;, time: &apos;2018-11-14T08:17:03&apos;&#10;System info: host: &apos;LAPTOP-2PDED7PF&apos;, ip: &apos;192.168.56.1&apos;, os.name: &apos;Windows 10&apos;, os.arch: &apos;amd64&apos;, os.version: &apos;10.0&apos;, java.version: &apos;16&apos;&#10;Driver info: org.openqa.selenium.chrome.ChromeDriver&#10;Capabilities {acceptInsecureCerts: false, browserName: chrome, browserVersion: 94.0.4606.81, chrome: {chromedriverVersion: 94.0.4606.61 (418b78f5838ed..., userDataDir: C:\Users\Acer\AppData\Local...}, goog:chromeOptions: {debuggerAddress: localhost:63172}, javascriptEnabled: true, networkConnectionEnabled: false, pageLoadStrategy: normal, platform: WINDOWS, platformName: WINDOWS, proxy: Proxy(), setWindowRect: true, strictFileInteractability: false, timeouts: {implicit: 0, pageLoad: 300000, script: 30000}, unhandledPromptBehavior: dismiss and notify, webauthn:extension:credBlob: true, webauthn:extension:largeBlob: true, webauthn:virtualAuthenticators: true}&#10;Session ID: e3b29aee24cb4479a887463c476ce7b4&#10;*** Element info: {Using=xpath, value=//div[text() = &apos;Договор сохранен&apos;]}" type="org.openqa.selenium.NoSuchElementException">org.openqa.selenium.NoSuchElementException: 
no such element: Unable to locate element: {"method":"xpath","selector":"//div[text() = 'Договор сохранен']"}
  (Session info: chrome=94.0.4606.81)
For documentation on this error, please visit: https://www.seleniumhq.org/exceptions/no_such_element.html
Build info: version: '3.141.59', revision: 'e82be7d358', time: '2018-11-14T08:17:03'
System info: host: 'LAPTOP-2PDED7PF', ip: '192.168.56.1', os.name: 'Windows 10', os.arch: 'amd64', os.version: '10.0', java.version: '16'
Driver info: org.openqa.selenium.chrome.ChromeDriver
Capabilities {acceptInsecureCerts: false, browserName: chrome, browserVersion: 94.0.4606.81, chrome: {chromedriverVersion: 94.0.4606.61 (418b78f5838ed..., userDataDir: C:\Users\Acer\AppData\Local...}, goog:chromeOptions: {debuggerAddress: localhost:63172}, javascriptEnabled: true, networkConnectionEnabled: false, pageLoadStrategy: normal, platform: WINDOWS, platformName: WINDOWS, proxy: Proxy(), setWindowRect: true, strictFileInteractability: false, timeouts: {implicit: 0, pageLoad: 300000, script: 30000}, unhandledPromptBehavior: dismiss and notify, webauthn:extension:credBlob: true, webauthn:extension:largeBlob: true, webauthn:virtualAuthenticators: true}
Session ID: e3b29aee24cb4479a887463c476ce7b4
*** Element info: {Using=xpath, value=//div[text() = 'Договор сохранен']}
	at org.example.lesson5.BusinessAgreementCreationTests.FillInNewContractTest(BusinessAgreementCreationTests.java:57)
</error>
    <system-out><![CDATA[21:08:04.278 [main] DEBUG io.github.bonigarcia.wdm.cache.ResolutionCache - Resolution chrome=94 in cache (valid until 21:32:45 16/10/2021 MSK)
21:08:04.279 [main] DEBUG io.github.bonigarcia.wdm.cache.ResolutionCache - Resolution chrome94=94.0.4606.61 in cache (valid until 20:32:45 17/10/2021 MSK)
21:08:04.279 [main] INFO io.github.bonigarcia.wdm.WebDriverManager - Using chromedriver 94.0.4606.61 (resolved driver for Chrome 94)
21:08:04.296 [main] DEBUG io.github.bonigarcia.wdm.WebDriverManager - Driver chromedriver 94.0.4606.61 found in cache
21:08:04.296 [main] INFO io.github.bonigarcia.wdm.WebDriverManager - Exporting webdriver.chrome.driver as C:\Users\Acer\.cache\selenium\chromedriver\win32\94.0.4606.61\chromedriver.exe
21:08:08.645 [main] DEBUG org.aspectj.weaver.loadtime.Aj - 21:08:08.645 main > o.a.w.l.Aj.preProcess o.a.w.l.Aj@6fadae5d jdk/internal/reflect/GeneratedConstructorAccessor12, byte[1468], j.i.r.DelegatingClassLoader@62ff14cd
21:08:08.645 [main] DEBUG org.aspectj.weaver.loadtime.Aj - 21:08:08.645 main - o.a.w.l.Aj.preProcess o.a.w.l.Aj@6fadae5d j.i.l.ClassLoaders$AppClassLoader@1d44bcfa, j.i.l.ClassLoaders$AppClassLoader@1d44bcfa
21:08:08.645 [main] DEBUG org.aspectj.weaver.loadtime.ClassLoaderWeavingAdaptor - 21:08:08.645 main > o.a.w.l.ClassLoaderWeavingAdaptor.<init> o.a.w.l.ClassLoaderWeavingAdaptor@6ae6a77b
21:08:08.645 [main] DEBUG org.aspectj.weaver.loadtime.ClassLoaderWeavingAdaptor - 21:08:08.645 main < o.a.w.l.ClassLoaderWeavingAdaptor.<init>
21:08:08.645 [main] DEBUG org.aspectj.weaver.loadtime.DefaultWeavingContext - 21:08:08.645 main > o.a.w.l.DefaultWeavingContext.getDefinitions o.a.w.l.DefaultWeavingContext@32e9c3af goo, o.a.w.l.ClassLoaderWeavingAdaptor@6ae6a77b
21:08:08.645 [main] DEBUG org.aspectj.weaver.loadtime.ClassLoaderWeavingAdaptor - 21:08:08.645 main > o.a.w.l.ClassLoaderWeavingAdaptor.parseDefinitions o.a.w.l.ClassLoaderWeavingAdaptor@6ae6a77b
21:08:08.645 [main] DEBUG org.aspectj.weaver.loadtime.ClassLoaderWeavingAdaptor - 21:08:08.645 main - o.a.w.l.ClassLoaderWeavingAdaptor.parseDefinitions o.a.w.l.ClassLoaderWeavingAdaptor@6ae6a77b META-INF/aop.xml;META-INF/aop-ajc.xml;org/aspectj/aop.xml
21:08:08.645 [main] DEBUG org.aspectj.weaver.loadtime.ClassLoaderWeavingAdaptor - 21:08:08.645 main - o.a.w.l.ClassLoaderWeavingAdaptor.parseDefinitions o.a.w.l.ClassLoaderWeavingAdaptor@6ae6a77b jar:file:/C:/Users/Acer/.m2/repository/io/qameta/allure/allure-junit-platform/2.15.0/allure-junit-platform-2.15.0.jar!/META-INF/aop-ajc.xml
21:08:08.646 [main] DEBUG org.aspectj.weaver.loadtime.ClassLoaderWeavingAdaptor - 21:08:08.646 main < o.a.w.l.ClassLoaderWeavingAdaptor.parseDefinitions java.util.ArrayList(1)
21:08:08.646 [main] DEBUG org.aspectj.weaver.loadtime.DefaultWeavingContext - 21:08:08.646 main < o.a.w.l.DefaultWeavingContext.getDefinitions java.util.ArrayList(1)
21:08:08.646 [main] DEBUG org.aspectj.weaver.Lint - 21:08:08.646 main > o.a.w.Lint.<init> o.a.w.Lint@796e2187 o.a.w.l.LTWWorld@632d1b1b
21:08:08.646 [main] DEBUG org.aspectj.weaver.Lint - 21:08:08.646 main < o.a.w.Lint.<init>
21:08:08.646 [main] DEBUG org.aspectj.weaver.bcel.BcelWeaver - 21:08:08.646 main > o.a.w.b.BcelWeaver.<init> o.a.w.b.BcelWeaver@3c2fa57a o.a.w.l.LTWWorld@632d1b1b
21:08:08.646 [main] DEBUG org.aspectj.weaver.bcel.BcelWeaver - 21:08:08.646 main < o.a.w.b.BcelWeaver.<init>
21:08:08.646 [main] DEBUG org.aspectj.weaver.loadtime.ClassLoaderWeavingAdaptor - 21:08:08.646 main > o.a.w.l.ClassLoaderWeavingAdaptor.registerDefinitions o.a.w.l.ClassLoaderWeavingAdaptor@6ae6a77b java.util.ArrayList(1)
21:08:08.646 [main] DEBUG org.aspectj.weaver.Lint - 21:08:08.646 main > o.a.w.Lint.setAll o.a.w.Lint@796e2187 ignore
21:08:08.646 [main] DEBUG org.aspectj.weaver.Lint - 21:08:08.646 main < o.a.w.Lint.setAll
21:08:08.646 [main] DEBUG org.aspectj.weaver.loadtime.ClassLoaderWeavingAdaptor - 21:08:08.646 main > o.a.w.l.ClassLoaderWeavingAdaptor.registerAspects o.a.w.l.ClassLoaderWeavingAdaptor@6ae6a77b o.a.w.b.BcelWeaver@3c2fa57a, j.i.r.DelegatingClassLoader@62ff14cd, java.util.ArrayList(1)
21:08:08.646 [main] DEBUG org.aspectj.weaver.bcel.BcelWeaver - 21:08:08.646 main > o.a.w.b.BcelWeaver.addLibraryAspect o.a.w.b.BcelWeaver@3c2fa57a io.qameta.allure.aspects.StepsAspects
21:08:08.647 [main] DEBUG org.aspectj.weaver.bcel.BcelWorld - 21:08:08.647 main - o.a.w.b.BcelWorld.lookupJavaClass o.a.w.l.LTWWorld@632d1b1b io.qameta.allure.aspects.StepsAspects, o.a.a.b.c.JavaClass@17d0685f
21:08:08.647 [main] DEBUG org.aspectj.weaver.bcel.BcelWorld - 21:08:08.647 main - o.a.w.b.BcelWorld.lookupJavaClass o.a.w.l.LTWWorld@632d1b1b java.lang.Object, o.a.a.b.c.JavaClass@1188e820
21:08:08.648 [main] DEBUG org.aspectj.weaver.bcel.BcelWorld - 21:08:08.648 main - o.a.w.b.BcelWorld.lookupJavaClass o.a.w.l.LTWWorld@632d1b1b org.aspectj.lang.annotation.Aspect, o.a.a.b.c.JavaClass@123f1134
21:08:08.649 [main] DEBUG org.aspectj.weaver.bcel.BcelWeaver - 21:08:08.649 main < o.a.w.b.BcelWeaver.addLibraryAspect org.aspectj.weaver.ReferenceType[io.qameta.allure.aspects.StepsAspects]
21:08:08.649 [main] DEBUG org.aspectj.weaver.bcel.BcelWeaver - 21:08:08.649 main > o.a.w.b.BcelWeaver.addLibraryAspect o.a.w.b.BcelWeaver@3c2fa57a io.qameta.allure.aspects.AttachmentsAspects
21:08:08.650 [main] DEBUG org.aspectj.weaver.bcel.BcelWorld - 21:08:08.650 main - o.a.w.b.BcelWorld.lookupJavaClass o.a.w.l.LTWWorld@632d1b1b io.qameta.allure.aspects.AttachmentsAspects, o.a.a.b.c.JavaClass@2a32de6c
21:08:08.651 [main] DEBUG org.aspectj.weaver.bcel.BcelWeaver - 21:08:08.651 main < o.a.w.b.BcelWeaver.addLibraryAspect org.aspectj.weaver.ReferenceType[io.qameta.allure.aspects.AttachmentsAspects]
21:08:08.651 [main] DEBUG org.aspectj.weaver.loadtime.ClassLoaderWeavingAdaptor - 21:08:08.651 main < o.a.w.l.ClassLoaderWeavingAdaptor.registerAspects true
21:08:08.651 [main] DEBUG org.aspectj.weaver.loadtime.ClassLoaderWeavingAdaptor - 21:08:08.651 main < o.a.w.l.ClassLoaderWeavingAdaptor.registerDefinitions true
21:08:08.651 [main] DEBUG org.aspectj.weaver.bcel.BcelWeaver - 21:08:08.651 main > o.a.w.b.BcelWeaver.prepareForWeave o.a.w.b.BcelWeaver@3c2fa57a
21:08:08.654 [main] DEBUG org.aspectj.weaver.bcel.BcelWeaver - 21:08:08.654 main < o.a.w.b.BcelWeaver.prepareForWeave
21:08:08.654 [main] DEBUG org.aspectj.weaver.loadtime.ClassLoaderWeavingAdaptor - 21:08:08.654 main > o.a.w.l.ClassLoaderWeavingAdaptor.weaveAndDefineConceteAspects o.a.w.l.ClassLoaderWeavingAdaptor@6ae6a77b java.util.ArrayList(0)
21:08:08.654 [main] DEBUG org.aspectj.weaver.loadtime.ClassLoaderWeavingAdaptor - 21:08:08.654 main < o.a.w.l.ClassLoaderWeavingAdaptor.weaveAndDefineConceteAspects true
21:08:08.654 [main] DEBUG org.aspectj.weaver.loadtime.ClassLoaderWeavingAdaptor - 21:08:08.654 main < o.a.w.l.ClassLoaderWeavingAdaptor.initialize true
21:08:08.654 [main] DEBUG org.aspectj.weaver.tools.WeavingAdaptor - 21:08:08.654 main > o.a.w.t.WeavingAdaptor.weaveClass o.a.w.l.ClassLoaderWeavingAdaptor@6ae6a77b jdk/internal/reflect/GeneratedConstructorAccessor12, byte[1468]
21:08:08.654 [main] DEBUG org.aspectj.weaver.bcel.BcelWeaver - 21:08:08.654 main > o.a.w.b.BcelWeaver.weave o.a.w.b.BcelWeaver@3c2fa57a o.a.w.t.WeavingAdaptor$WeavingClassFileProvider@43b3b1b0
21:08:08.654 [main] DEBUG org.aspectj.weaver.bcel.BcelWorld - 21:08:08.654 main - o.a.w.b.BcelWorld.lookupJavaClass o.a.w.l.LTWWorld@632d1b1b jdk.internal.reflect.ConstructorAccessorImpl, o.a.a.b.c.JavaClass@4af70944
21:08:08.654 [main] DEBUG org.aspectj.weaver.bcel.BcelWeaver - 21:08:08.654 main > o.a.w.b.BcelWeaver.weaveAndNotify o.a.w.b.BcelWeaver@3c2fa57a o.a.w.b.UnwovenClassFile@2f6d8c9, o.a.w.b.BcelObjectType@7d4135c9, o.a.w.t.WeavingAdaptor$WeavingClassFileProvider$1@59db8216
21:08:08.654 [main] DEBUG org.aspectj.weaver.bcel.BcelWorld - 21:08:08.654 main - o.a.w.b.BcelWorld.lookupJavaClass o.a.w.l.LTWWorld@632d1b1b jdk.internal.reflect.ConstructorAccessor, o.a.a.b.c.JavaClass@35267fd4
21:08:08.654 [main] DEBUG org.aspectj.weaver.bcel.BcelWorld - 21:08:08.654 main - o.a.w.b.BcelWorld.lookupJavaClass o.a.w.l.LTWWorld@632d1b1b jdk.internal.reflect.MagicAccessorImpl, o.a.a.b.c.JavaClass@397ef2
21:08:08.655 [main] DEBUG org.aspectj.weaver.bcel.BcelWorld - 21:08:08.655 main - o.a.w.b.BcelWorld.lookupJavaClass o.a.w.l.LTWWorld@632d1b1b io.qameta.allure.Step, o.a.a.b.c.JavaClass@1622f1b
21:08:08.655 [main] DEBUG org.aspectj.weaver.bcel.BcelWorld - 21:08:08.655 main - o.a.w.b.BcelWorld.lookupJavaClass o.a.w.l.LTWWorld@632d1b1b java.lang.annotation.Documented, o.a.a.b.c.JavaClass@70e8f8e
21:08:08.655 [main] DEBUG org.aspectj.weaver.bcel.BcelWorld - 21:08:08.655 main - o.a.w.b.BcelWorld.lookupJavaClass o.a.w.l.LTWWorld@632d1b1b java.lang.annotation.Retention, o.a.a.b.c.JavaClass@17046283
21:08:08.655 [main] DEBUG org.aspectj.weaver.bcel.BcelWorld - 21:08:08.655 main - o.a.w.b.BcelWorld.lookupJavaClass o.a.w.l.LTWWorld@632d1b1b java.lang.annotation.Target, o.a.a.b.c.JavaClass@5bd03f44
21:08:08.656 [main] DEBUG org.aspectj.weaver.bcel.BcelWorld - 21:08:08.656 main - o.a.w.b.BcelWorld.lookupJavaClass o.a.w.l.LTWWorld@632d1b1b io.qameta.allure.Attachment, o.a.a.b.c.JavaClass@6e4784bc
21:08:08.656 [main] DEBUG org.aspectj.weaver.bcel.BcelWeaver - 21:08:08.656 main < o.a.w.b.BcelWeaver.weaveAndNotify
21:08:08.656 [main] DEBUG org.aspectj.weaver.bcel.BcelWeaver - 21:08:08.656 main < o.a.w.b.BcelWeaver.weave java.util.ArrayList(1)
21:08:08.656 [main] DEBUG org.aspectj.weaver.tools.WeavingAdaptor - 21:08:08.656 main < o.a.w.t.WeavingAdaptor.weaveClass byte[1468]
21:08:08.656 [main] DEBUG org.aspectj.weaver.Dump - 21:08:08.656 main > o.a.w.Dump.dumpOnExit o.a.w.t.WeavingAdaptor$WeavingAdaptorMessageHolder@4724b2c1
21:08:08.656 [main] DEBUG org.aspectj.weaver.Dump - 21:08:08.656 main > o.a.w.Dump.shouldDumpOnExit o.a.w.t.WeavingAdaptor$WeavingAdaptorMessageHolder@4724b2c1
21:08:08.656 [main] DEBUG org.aspectj.weaver.Dump - 21:08:08.656 main - o.a.w.Dump.shouldDumpOnExit abort
21:08:08.656 [main] DEBUG org.aspectj.weaver.Dump - 21:08:08.656 main < o.a.w.Dump.shouldDumpOnExit false
21:08:08.656 [main] DEBUG org.aspectj.weaver.Dump - 21:08:08.656 main < o.a.w.Dump.dumpOnExit Excluded
21:08:08.656 [main] DEBUG org.aspectj.weaver.loadtime.Aj - 21:08:08.656 main < o.a.w.l.Aj.preProcess byte[1468]
21:08:08.657 [main] DEBUG org.aspectj.weaver.loadtime.Aj - 21:08:08.657 main > o.a.w.l.Aj.preProcess o.a.w.l.Aj@6fadae5d jdk/internal/reflect/GeneratedConstructorAccessor13, byte[1521], j.i.r.DelegatingClassLoader@193f3306
21:08:08.657 [main] DEBUG org.aspectj.weaver.loadtime.Aj - 21:08:08.657 main - o.a.w.l.Aj.preProcess o.a.w.l.Aj@6fadae5d j.i.l.ClassLoaders$AppClassLoader@1d44bcfa, j.i.l.ClassLoaders$AppClassLoader@1d44bcfa
21:08:08.657 [main] DEBUG org.aspectj.weaver.loadtime.ClassLoaderWeavingAdaptor - 21:08:08.657 main > o.a.w.l.ClassLoaderWeavingAdaptor.<init> o.a.w.l.ClassLoaderWeavingAdaptor@537a8915
21:08:08.657 [main] DEBUG org.aspectj.weaver.loadtime.ClassLoaderWeavingAdaptor - 21:08:08.657 main < o.a.w.l.ClassLoaderWeavingAdaptor.<init>
21:08:08.657 [main] DEBUG org.aspectj.weaver.loadtime.DefaultWeavingContext - 21:08:08.657 main > o.a.w.l.DefaultWeavingContext.getDefinitions o.a.w.l.DefaultWeavingContext@31aa9b01 goo, o.a.w.l.ClassLoaderWeavingAdaptor@537a8915
21:08:08.657 [main] DEBUG org.aspectj.weaver.loadtime.ClassLoaderWeavingAdaptor - 21:08:08.657 main > o.a.w.l.ClassLoaderWeavingAdaptor.parseDefinitions o.a.w.l.ClassLoaderWeavingAdaptor@537a8915
21:08:08.657 [main] DEBUG org.aspectj.weaver.loadtime.ClassLoaderWeavingAdaptor - 21:08:08.657 main - o.a.w.l.ClassLoaderWeavingAdaptor.parseDefinitions o.a.w.l.ClassLoaderWeavingAdaptor@537a8915 META-INF/aop.xml;META-INF/aop-ajc.xml;org/aspectj/aop.xml
21:08:08.657 [main] DEBUG org.aspectj.weaver.loadtime.ClassLoaderWeavingAdaptor - 21:08:08.657 main - o.a.w.l.ClassLoaderWeavingAdaptor.parseDefinitions o.a.w.l.ClassLoaderWeavingAdaptor@537a8915 jar:file:/C:/Users/Acer/.m2/repository/io/qameta/allure/allure-junit-platform/2.15.0/allure-junit-platform-2.15.0.jar!/META-INF/aop-ajc.xml
21:08:08.657 [main] DEBUG org.aspectj.weaver.loadtime.ClassLoaderWeavingAdaptor - 21:08:08.657 main < o.a.w.l.ClassLoaderWeavingAdaptor.parseDefinitions java.util.ArrayList(1)
21:08:08.658 [main] DEBUG org.aspectj.weaver.loadtime.DefaultWeavingContext - 21:08:08.658 main < o.a.w.l.DefaultWeavingContext.getDefinitions java.util.ArrayList(1)
21:08:08.658 [main] DEBUG org.aspectj.weaver.Lint - 21:08:08.658 main > o.a.w.Lint.<init> o.a.w.Lint@2148b47e o.a.w.l.LTWWorld@410f1452
21:08:08.658 [main] DEBUG org.aspectj.weaver.Lint - 21:08:08.658 main < o.a.w.Lint.<init>
21:08:08.658 [main] DEBUG org.aspectj.weaver.bcel.BcelWeaver - 21:08:08.658 main > o.a.w.b.BcelWeaver.<init> o.a.w.b.BcelWeaver@463a1f47 o.a.w.l.LTWWorld@410f1452
21:08:08.658 [main] DEBUG org.aspectj.weaver.bcel.BcelWeaver - 21:08:08.658 main < o.a.w.b.BcelWeaver.<init>
21:08:08.658 [main] DEBUG org.aspectj.weaver.loadtime.ClassLoaderWeavingAdaptor - 21:08:08.658 main > o.a.w.l.ClassLoaderWeavingAdaptor.registerDefinitions o.a.w.l.ClassLoaderWeavingAdaptor@537a8915 java.util.ArrayList(1)
21:08:08.659 [main] DEBUG org.aspectj.weaver.Lint - 21:08:08.659 main > o.a.w.Lint.setAll o.a.w.Lint@2148b47e ignore
21:08:08.659 [main] DEBUG org.aspectj.weaver.Lint - 21:08:08.659 main < o.a.w.Lint.setAll
21:08:08.659 [main] DEBUG org.aspectj.weaver.loadtime.ClassLoaderWeavingAdaptor - 21:08:08.659 main > o.a.w.l.ClassLoaderWeavingAdaptor.registerAspects o.a.w.l.ClassLoaderWeavingAdaptor@537a8915 o.a.w.b.BcelWeaver@463a1f47, j.i.r.DelegatingClassLoader@193f3306, java.util.ArrayList(1)
21:08:08.659 [main] DEBUG org.aspectj.weaver.bcel.BcelWeaver - 21:08:08.659 main > o.a.w.b.BcelWeaver.addLibraryAspect o.a.w.b.BcelWeaver@463a1f47 io.qameta.allure.aspects.StepsAspects
21:08:08.659 [main] DEBUG org.aspectj.weaver.bcel.BcelWorld - 21:08:08.659 main - o.a.w.b.BcelWorld.lookupJavaClass o.a.w.l.LTWWorld@410f1452 io.qameta.allure.aspects.StepsAspects, o.a.a.b.c.JavaClass@17d0685f
21:08:08.659 [main] DEBUG org.aspectj.weaver.bcel.BcelWorld - 21:08:08.659 main - o.a.w.b.BcelWorld.lookupJavaClass o.a.w.l.LTWWorld@410f1452 java.lang.Object, o.a.a.b.c.JavaClass@1188e820
21:08:08.660 [main] DEBUG org.aspectj.weaver.bcel.BcelWorld - 21:08:08.660 main - o.a.w.b.BcelWorld.lookupJavaClass o.a.w.l.LTWWorld@410f1452 org.aspectj.lang.annotation.Aspect, o.a.a.b.c.JavaClass@123f1134
21:08:08.662 [main] DEBUG org.aspectj.weaver.bcel.BcelWeaver - 21:08:08.662 main < o.a.w.b.BcelWeaver.addLibraryAspect org.aspectj.weaver.ReferenceType[io.qameta.allure.aspects.StepsAspects]
21:08:08.662 [main] DEBUG org.aspectj.weaver.bcel.BcelWeaver - 21:08:08.662 main > o.a.w.b.BcelWeaver.addLibraryAspect o.a.w.b.BcelWeaver@463a1f47 io.qameta.allure.aspects.AttachmentsAspects
21:08:08.662 [main] DEBUG org.aspectj.weaver.bcel.BcelWorld - 21:08:08.662 main - o.a.w.b.BcelWorld.lookupJavaClass o.a.w.l.LTWWorld@410f1452 io.qameta.allure.aspects.AttachmentsAspects, o.a.a.b.c.JavaClass@2a32de6c
21:08:08.663 [main] DEBUG org.aspectj.weaver.bcel.BcelWeaver - 21:08:08.663 main < o.a.w.b.BcelWeaver.addLibraryAspect org.aspectj.weaver.ReferenceType[io.qameta.allure.aspects.AttachmentsAspects]
21:08:08.663 [main] DEBUG org.aspectj.weaver.loadtime.ClassLoaderWeavingAdaptor - 21:08:08.663 main < o.a.w.l.ClassLoaderWeavingAdaptor.registerAspects true
21:08:08.663 [main] DEBUG org.aspectj.weaver.loadtime.ClassLoaderWeavingAdaptor - 21:08:08.663 main < o.a.w.l.ClassLoaderWeavingAdaptor.registerDefinitions true
21:08:08.663 [main] DEBUG org.aspectj.weaver.bcel.BcelWeaver - 21:08:08.663 main > o.a.w.b.BcelWeaver.prepareForWeave o.a.w.b.BcelWeaver@463a1f47
21:08:08.664 [main] DEBUG org.aspectj.weaver.bcel.BcelWeaver - 21:08:08.664 main < o.a.w.b.BcelWeaver.prepareForWeave
21:08:08.664 [main] DEBUG org.aspectj.weaver.loadtime.ClassLoaderWeavingAdaptor - 21:08:08.664 main > o.a.w.l.ClassLoaderWeavingAdaptor.weaveAndDefineConceteAspects o.a.w.l.ClassLoaderWeavingAdaptor@537a8915 java.util.ArrayList(0)
21:08:08.664 [main] DEBUG org.aspectj.weaver.loadtime.ClassLoaderWeavingAdaptor - 21:08:08.664 main < o.a.w.l.ClassLoaderWeavingAdaptor.weaveAndDefineConceteAspects true
21:08:08.664 [main] DEBUG org.aspectj.weaver.loadtime.ClassLoaderWeavingAdaptor - 21:08:08.664 main < o.a.w.l.ClassLoaderWeavingAdaptor.initialize true
21:08:08.664 [main] DEBUG org.aspectj.weaver.tools.WeavingAdaptor - 21:08:08.664 main > o.a.w.t.WeavingAdaptor.weaveClass o.a.w.l.ClassLoaderWeavingAdaptor@537a8915 jdk/internal/reflect/GeneratedConstructorAccessor13, byte[1521]
21:08:08.664 [main] DEBUG org.aspectj.weaver.bcel.BcelWeaver - 21:08:08.664 main > o.a.w.b.BcelWeaver.weave o.a.w.b.BcelWeaver@463a1f47 o.a.w.t.WeavingAdaptor$WeavingClassFileProvider@7e366c6f
21:08:08.664 [main] DEBUG org.aspectj.weaver.bcel.BcelWorld - 21:08:08.664 main - o.a.w.b.BcelWorld.lookupJavaClass o.a.w.l.LTWWorld@410f1452 jdk.internal.reflect.ConstructorAccessorImpl, o.a.a.b.c.JavaClass@4af70944
21:08:08.664 [main] DEBUG org.aspectj.weaver.bcel.BcelWeaver - 21:08:08.664 main > o.a.w.b.BcelWeaver.weaveAndNotify o.a.w.b.BcelWeaver@463a1f47 o.a.w.b.UnwovenClassFile@68e094c9, o.a.w.b.BcelObjectType@243162b1, o.a.w.t.WeavingAdaptor$WeavingClassFileProvider$1@712c9bcf
21:08:08.664 [main] DEBUG org.aspectj.weaver.bcel.BcelWorld - 21:08:08.664 main - o.a.w.b.BcelWorld.lookupJavaClass o.a.w.l.LTWWorld@410f1452 jdk.internal.reflect.ConstructorAccessor, o.a.a.b.c.JavaClass@35267fd4
21:08:08.664 [main] DEBUG org.aspectj.weaver.bcel.BcelWorld - 21:08:08.664 main - o.a.w.b.BcelWorld.lookupJavaClass o.a.w.l.LTWWorld@410f1452 jdk.internal.reflect.MagicAccessorImpl, o.a.a.b.c.JavaClass@397ef2
21:08:08.664 [main] DEBUG org.aspectj.weaver.bcel.BcelWorld - 21:08:08.664 main - o.a.w.b.BcelWorld.lookupJavaClass o.a.w.l.LTWWorld@410f1452 io.qameta.allure.Step, o.a.a.b.c.JavaClass@1622f1b
21:08:08.664 [main] DEBUG org.aspectj.weaver.bcel.BcelWorld - 21:08:08.664 main - o.a.w.b.BcelWorld.lookupJavaClass o.a.w.l.LTWWorld@410f1452 java.lang.annotation.Documented, o.a.a.b.c.JavaClass@70e8f8e
21:08:08.664 [main] DEBUG org.aspectj.weaver.bcel.BcelWorld - 21:08:08.664 main - o.a.w.b.BcelWorld.lookupJavaClass o.a.w.l.LTWWorld@410f1452 java.lang.annotation.Retention, o.a.a.b.c.JavaClass@17046283
21:08:08.665 [main] DEBUG org.aspectj.weaver.bcel.BcelWorld - 21:08:08.665 main - o.a.w.b.BcelWorld.lookupJavaClass o.a.w.l.LTWWorld@410f1452 java.lang.annotation.Target, o.a.a.b.c.JavaClass@5bd03f44
21:08:08.665 [main] DEBUG org.aspectj.weaver.bcel.BcelWorld - 21:08:08.665 main - o.a.w.b.BcelWorld.lookupJavaClass o.a.w.l.LTWWorld@410f1452 io.qameta.allure.Attachment, o.a.a.b.c.JavaClass@6e4784bc
21:08:08.665 [main] DEBUG org.aspectj.weaver.bcel.BcelWeaver - 21:08:08.665 main < o.a.w.b.BcelWeaver.weaveAndNotify
21:08:08.665 [main] DEBUG org.aspectj.weaver.bcel.BcelWeaver - 21:08:08.665 main < o.a.w.b.BcelWeaver.weave java.util.ArrayList(1)
21:08:08.665 [main] DEBUG org.aspectj.weaver.tools.WeavingAdaptor - 21:08:08.665 main < o.a.w.t.WeavingAdaptor.weaveClass byte[1521]
21:08:08.665 [main] DEBUG org.aspectj.weaver.Dump - 21:08:08.665 main > o.a.w.Dump.dumpOnExit o.a.w.t.WeavingAdaptor$WeavingAdaptorMessageHolder@7f958d4a
21:08:08.665 [main] DEBUG org.aspectj.weaver.Dump - 21:08:08.665 main > o.a.w.Dump.shouldDumpOnExit o.a.w.t.WeavingAdaptor$WeavingAdaptorMessageHolder@7f958d4a
21:08:08.665 [main] DEBUG org.aspectj.weaver.Dump - 21:08:08.665 main - o.a.w.Dump.shouldDumpOnExit abort
21:08:08.665 [main] DEBUG org.aspectj.weaver.Dump - 21:08:08.665 main < o.a.w.Dump.shouldDumpOnExit false
21:08:08.665 [main] DEBUG org.aspectj.weaver.Dump - 21:08:08.665 main < o.a.w.Dump.dumpOnExit Excluded
21:08:08.665 [main] DEBUG org.aspectj.weaver.loadtime.Aj - 21:08:08.665 main < o.a.w.l.Aj.preProcess byte[1521]
21:08:14.229 [main] DEBUG org.aspectj.weaver.loadtime.Aj - 21:08:14.229 main > o.a.w.l.Aj.preProcess o.a.w.l.Aj@6fadae5d org/example/lesson5/NewContractCreator, byte[2465], j.i.l.ClassLoaders$AppClassLoader@1d44bcfa
21:08:14.229 [main] DEBUG org.aspectj.weaver.loadtime.Aj - 21:08:14.229 main - o.a.w.l.Aj.preProcess o.a.w.l.Aj@6fadae5d j.i.l.ClassLoaders$PlatformClassLoader@6bf256fa, j.i.l.ClassLoaders$AppClassLoader@1d44bcfa
21:08:14.229 [main] DEBUG org.aspectj.weaver.tools.WeavingAdaptor - 21:08:14.229 main > o.a.w.t.WeavingAdaptor.weaveClass o.a.w.l.ClassLoaderWeavingAdaptor@3d8c7aca org/example/lesson5/NewContractCreator, byte[2465]
21:08:14.230 [main] DEBUG org.aspectj.weaver.bcel.BcelWeaver - 21:08:14.230 main > o.a.w.b.BcelWeaver.weave o.a.w.b.BcelWeaver@71bbf57e o.a.w.t.WeavingAdaptor$WeavingClassFileProvider@f1e1d66
21:08:14.230 [main] DEBUG org.aspectj.weaver.bcel.BcelWorld - 21:08:14.230 main - o.a.w.b.BcelWorld.lookupJavaClass o.a.w.l.LTWWorld@3632be31 org.example.lesson5.BaseClass, o.a.a.b.c.JavaClass@6db04a6
21:08:14.230 [main] DEBUG org.aspectj.weaver.bcel.BcelWeaver - 21:08:14.230 main > o.a.w.b.BcelWeaver.weaveAndNotify o.a.w.b.BcelWeaver@71bbf57e o.a.w.b.UnwovenClassFile@3cd28235, o.a.w.b.BcelObjectType@75312c94, o.a.w.t.WeavingAdaptor$WeavingClassFileProvider$1@140cfc5f
21:08:14.230 [main] DEBUG org.aspectj.weaver.bcel.BcelWeaver - 21:08:14.230 main < o.a.w.b.BcelWeaver.weaveAndNotify
21:08:14.230 [main] DEBUG org.aspectj.weaver.bcel.BcelWeaver - 21:08:14.230 main < o.a.w.b.BcelWeaver.weave java.util.ArrayList(1)
21:08:14.230 [main] DEBUG org.aspectj.weaver.tools.WeavingAdaptor - 21:08:14.230 main < o.a.w.t.WeavingAdaptor.weaveClass byte[2465]
21:08:14.230 [main] DEBUG org.aspectj.weaver.Dump - 21:08:14.230 main > o.a.w.Dump.dumpOnExit o.a.w.t.WeavingAdaptor$WeavingAdaptorMessageHolder@3911c2a7
21:08:14.230 [main] DEBUG org.aspectj.weaver.Dump - 21:08:14.230 main > o.a.w.Dump.shouldDumpOnExit o.a.w.t.WeavingAdaptor$WeavingAdaptorMessageHolder@3911c2a7
21:08:14.230 [main] DEBUG org.aspectj.weaver.Dump - 21:08:14.230 main - o.a.w.Dump.shouldDumpOnExit abort
21:08:14.230 [main] DEBUG org.aspectj.weaver.Dump - 21:08:14.230 main < o.a.w.Dump.shouldDumpOnExit false
21:08:14.230 [main] DEBUG org.aspectj.weaver.Dump - 21:08:14.230 main < o.a.w.Dump.dumpOnExit Excluded
21:08:14.230 [main] DEBUG org.aspectj.weaver.loadtime.Aj - 21:08:14.230 main < o.a.w.l.Aj.preProcess byte[2465]
21:08:21.661 [main] DEBUG org.aspectj.weaver.loadtime.Aj - 21:08:21.661 main > o.a.w.l.Aj.preProcess o.a.w.l.Aj@6fadae5d com/google/common/base/Throwables, byte[8602], j.i.l.ClassLoaders$AppClassLoader@1d44bcfa
21:08:21.661 [main] DEBUG org.aspectj.weaver.loadtime.Aj - 21:08:21.661 main - o.a.w.l.Aj.preProcess o.a.w.l.Aj@6fadae5d j.i.l.ClassLoaders$PlatformClassLoader@6bf256fa, j.i.l.ClassLoaders$AppClassLoader@1d44bcfa
21:08:21.661 [main] DEBUG org.aspectj.weaver.tools.WeavingAdaptor - 21:08:21.661 main > o.a.w.t.WeavingAdaptor.weaveClass o.a.w.l.ClassLoaderWeavingAdaptor@3d8c7aca com/google/common/base/Throwables, byte[8602]
21:08:21.661 [main] DEBUG org.aspectj.weaver.bcel.BcelWeaver - 21:08:21.661 main > o.a.w.b.BcelWeaver.weave o.a.w.b.BcelWeaver@71bbf57e o.a.w.t.WeavingAdaptor$WeavingClassFileProvider@74a991cf
21:08:21.661 [main] DEBUG org.aspectj.weaver.bcel.BcelWeaver - 21:08:21.661 main > o.a.w.b.BcelWeaver.weaveAndNotify o.a.w.b.BcelWeaver@71bbf57e o.a.w.b.UnwovenClassFile@6097f225, o.a.w.b.BcelObjectType@5507584d, o.a.w.t.WeavingAdaptor$WeavingClassFileProvider$1@1e5e2e06
21:08:21.661 [main] DEBUG org.aspectj.weaver.bcel.BcelWorld - 21:08:21.661 main - o.a.w.b.BcelWorld.lookupJavaClass o.a.w.l.LTWWorld@3632be31 com.google.common.annotations.GwtIncompatible, o.a.a.b.c.JavaClass@315b4202
21:08:21.661 [main] DEBUG org.aspectj.weaver.bcel.BcelWorld - 21:08:21.661 main - o.a.w.b.BcelWorld.lookupJavaClass o.a.w.l.LTWWorld@3632be31 java.lang.Deprecated, o.a.a.b.c.JavaClass@49438269
21:08:21.661 [main] DEBUG org.aspectj.weaver.bcel.BcelWorld - 21:08:21.661 main - o.a.w.b.BcelWorld.lookupJavaClass o.a.w.l.LTWWorld@3632be31 com.google.common.annotations.Beta, o.a.a.b.c.JavaClass@5fb07347
21:08:21.662 [main] DEBUG org.aspectj.weaver.bcel.BcelWorld - 21:08:21.662 main - o.a.w.b.BcelWorld.lookupJavaClass o.a.w.l.LTWWorld@3632be31 org.checkerframework.checker.nullness.compatqual.NullableDecl, o.a.a.b.c.JavaClass@6f0a4e30
21:08:21.662 [main] DEBUG org.aspectj.weaver.bcel.BcelWeaver - 21:08:21.662 main < o.a.w.b.BcelWeaver.weaveAndNotify
21:08:21.662 [main] DEBUG org.aspectj.weaver.bcel.BcelWeaver - 21:08:21.662 main < o.a.w.b.BcelWeaver.weave java.util.ArrayList(1)
21:08:21.662 [main] DEBUG org.aspectj.weaver.tools.WeavingAdaptor - 21:08:21.662 main < o.a.w.t.WeavingAdaptor.weaveClass byte[8602]
21:08:21.662 [main] DEBUG org.aspectj.weaver.Dump - 21:08:21.662 main > o.a.w.Dump.dumpOnExit o.a.w.t.WeavingAdaptor$WeavingAdaptorMessageHolder@3911c2a7
21:08:21.662 [main] DEBUG org.aspectj.weaver.Dump - 21:08:21.662 main > o.a.w.Dump.shouldDumpOnExit o.a.w.t.WeavingAdaptor$WeavingAdaptorMessageHolder@3911c2a7
21:08:21.662 [main] DEBUG org.aspectj.weaver.Dump - 21:08:21.662 main - o.a.w.Dump.shouldDumpOnExit abort
21:08:21.662 [main] DEBUG org.aspectj.weaver.Dump - 21:08:21.662 main < o.a.w.Dump.shouldDumpOnExit false
21:08:21.662 [main] DEBUG org.aspectj.weaver.Dump - 21:08:21.662 main < o.a.w.Dump.dumpOnExit Excluded
21:08:21.662 [main] DEBUG org.aspectj.weaver.loadtime.Aj - 21:08:21.662 main < o.a.w.l.Aj.preProcess byte[8602]
21:08:21.664 [main] DEBUG org.aspectj.weaver.loadtime.Aj - 21:08:21.664 main > o.a.w.l.Aj.preProcess o.a.w.l.Aj@6fadae5d org/openqa/selenium/Proxy$1, byte[983], j.i.l.ClassLoaders$AppClassLoader@1d44bcfa
21:08:21.664 [main] DEBUG org.aspectj.weaver.loadtime.Aj - 21:08:21.664 main - o.a.w.l.Aj.preProcess o.a.w.l.Aj@6fadae5d j.i.l.ClassLoaders$PlatformClassLoader@6bf256fa, j.i.l.ClassLoaders$AppClassLoader@1d44bcfa
21:08:21.664 [main] DEBUG org.aspectj.weaver.tools.WeavingAdaptor - 21:08:21.664 main > o.a.w.t.WeavingAdaptor.weaveClass o.a.w.l.ClassLoaderWeavingAdaptor@3d8c7aca org/openqa/selenium/Proxy$1, byte[983]
21:08:21.664 [main] DEBUG org.aspectj.weaver.bcel.BcelWeaver - 21:08:21.664 main > o.a.w.b.BcelWeaver.weave o.a.w.b.BcelWeaver@71bbf57e o.a.w.t.WeavingAdaptor$WeavingClassFileProvider@4d142b53
21:08:21.664 [main] DEBUG org.aspectj.weaver.bcel.BcelWeaver - 21:08:21.664 main > o.a.w.b.BcelWeaver.weaveAndNotify o.a.w.b.BcelWeaver@71bbf57e o.a.w.b.UnwovenClassFile@3bac86a3, o.a.w.b.BcelObjectType@128ca7af, o.a.w.t.WeavingAdaptor$WeavingClassFileProvider$1@3bf52f8f
21:08:21.665 [main] DEBUG org.aspectj.weaver.bcel.BcelWeaver - 21:08:21.665 main < o.a.w.b.BcelWeaver.weaveAndNotify
21:08:21.665 [main] DEBUG org.aspectj.weaver.bcel.BcelWeaver - 21:08:21.665 main < o.a.w.b.BcelWeaver.weave java.util.ArrayList(1)
21:08:21.665 [main] DEBUG org.aspectj.weaver.tools.WeavingAdaptor - 21:08:21.665 main < o.a.w.t.WeavingAdaptor.weaveClass byte[983]
21:08:21.665 [main] DEBUG org.aspectj.weaver.Dump - 21:08:21.665 main > o.a.w.Dump.dumpOnExit o.a.w.t.WeavingAdaptor$WeavingAdaptorMessageHolder@3911c2a7
21:08:21.665 [main] DEBUG org.aspectj.weaver.Dump - 21:08:21.665 main > o.a.w.Dump.shouldDumpOnExit o.a.w.t.WeavingAdaptor$WeavingAdaptorMessageHolder@3911c2a7
21:08:21.665 [main] DEBUG org.aspectj.weaver.Dump - 21:08:21.665 main - o.a.w.Dump.shouldDumpOnExit abort
21:08:21.665 [main] DEBUG org.aspectj.weaver.Dump - 21:08:21.665 main < o.a.w.Dump.shouldDumpOnExit false
21:08:21.665 [main] DEBUG org.aspectj.weaver.Dump - 21:08:21.665 main < o.a.w.Dump.dumpOnExit Excluded
21:08:21.665 [main] DEBUG org.aspectj.weaver.loadtime.Aj - 21:08:21.665 main < o.a.w.l.Aj.preProcess byte[983]
]]></system-out>
    <system-err><![CDATA[Starting ChromeDriver 94.0.4606.61 (418b78f5838ed0b1c69bb4e51ea0252171854915-refs/branch-heads/4606@{#1204}) on port 21980
Only local connections are allowed.
Please see https://chromedriver.chromium.org/security-considerations for suggestions on keeping ChromeDriver safe.
ChromeDriver was started successfully.
окт. 16, 2021 9:08:05 PM org.openqa.selenium.remote.ProtocolHandshake createSession
INFO: Detected dialect: W3C
[DelegatingClassLoader@62ff14cd] error at io\qameta\allure\aspects\StepsAspects.java::0 the @annotation pointcut expression is only supported at Java 5 compliance level or above
[DelegatingClassLoader@62ff14cd] error at io\qameta\allure\aspects\AttachmentsAspects.java::0 the @annotation pointcut expression is only supported at Java 5 compliance level or above
[DelegatingClassLoader@193f3306] error at io\qameta\allure\aspects\StepsAspects.java::0 the @annotation pointcut expression is only supported at Java 5 compliance level or above
[DelegatingClassLoader@193f3306] error at io\qameta\allure\aspects\AttachmentsAspects.java::0 the @annotation pointcut expression is only supported at Java 5 compliance level or above
]]></system-err>
  </testcase>
  <testcase name="NewContactPageTest" classname="org.example.lesson5.BusinessAgreementCreationTests" time="8.573"/>
  <testcase name="FillInNewContactTest" classname="org.example.lesson5.BusinessAgreementCreationTests" time="18.236"/>
</testsuite>